This file contains any messages produced by compilers while
running configure, to aid debugging if configure makes a mistake.

It was created by prophet configure 0.1, which was
generated by GNU Autoconf 2.70.  Invocation command line was

  $ ./configure

## --------- ##
## Platform. ##
## --------- ##

hostname = e7b4c2dae444
uname -m = x86_64
uname -r = 4.15.0-128-generic
uname -s = Linux
uname -v = #131-Ubuntu SMP Wed Dec 9 06:57:35 UTC 2020

/usr/bin/uname -p = unknown
/bin/uname -X     = unknown

/bin/arch              = unknown
/usr/bin/arch -k       = unknown
/usr/convex/getsysinfo = unknown
/usr/bin/hostinfo      = unknown
/bin/machine           = unknown
/usr/bin/oslevel       = unknown
/bin/universe          = unknown

PATH: /root/.vscode-server/bin/2b9aebd5354a3629c3aba0a5f5df49f43d6689f8/bin/
PATH: /root/.vscode-server/bin/2b9aebd5354a3629c3aba0a5f5df49f43d6689f8/bin/
PATH: /usr/local/sbin/
PATH: /usr/local/bin/
PATH: /usr/sbin/
PATH: /usr/bin/
PATH: /sbin/
PATH: /bin/


## ----------- ##
## Core tests. ##
## ----------- ##

configure:2935: looking for aux files: config.guess config.sub ltmain.sh compile missing install-sh
configure:2948:  trying ./build-aux/
configure:2977:   ./build-aux/config.guess found
configure:2977:   ./build-aux/config.sub found
configure:2977:   ./build-aux/ltmain.sh found
configure:2977:   ./build-aux/compile found
configure:2977:   ./build-aux/missing found
configure:2959:   ./build-aux/install-sh found
configure:3112: checking for a BSD-compatible install
configure:3185: result: /usr/bin/install -c
configure:3196: checking whether build environment is sane
configure:3251: result: yes
configure:3415: checking for a race-free mkdir -p
configure:3459: result: /bin/mkdir -p
configure:3466: checking for gawk
configure:3501: result: no
configure:3466: checking for mawk
configure:3487: found /usr/bin/mawk
configure:3498: result: mawk
configure:3509: checking whether make sets $(MAKE)
configure:3532: result: yes
configure:3562: checking whether make supports nested variables
configure:3580: result: yes
configure:3714: checking whether make supports nested variables
configure:3732: result: yes
configure:3766: checking for style of include used by make
configure:3794: result: GNU
configure:3871: checking for gcc
configure:3892: found /usr/bin/gcc
configure:3903: result: gcc
configure:4256: checking for C compiler version
configure:4265: gcc --version >&5
gcc (Ubuntu 7.5.0-3ubuntu1~18.04) 7.5.0
Copyright (C) 2017 Free Software Foundation, Inc.
This is free software; see the source for copying conditions.  There is NO
warranty; not even for MERCHANTABILITY or FITNESS FOR A PARTICULAR PURPOSE.

configure:4276: $? = 0
configure:4265: gcc -v >&5
Using built-in specs.
COLLECT_GCC=gcc
COLLECT_LTO_WRAPPER=/usr/lib/gcc/x86_64-linux-gnu/7/lto-wrapper
OFFLOAD_TARGET_NAMES=nvptx-none
OFFLOAD_TARGET_DEFAULT=1
Target: x86_64-linux-gnu
Configured with: ../src/configure -v --with-pkgversion='Ubuntu 7.5.0-3ubuntu1~18.04' --with-bugurl=file:///usr/share/doc/gcc-7/README.Bugs --enable-languages=c,ada,c++,go,brig,d,fortran,objc,obj-c++ --prefix=/usr --with-gcc-major-version-only --program-suffix=-7 --program-prefix=x86_64-linux-gnu- --enable-shared --enable-linker-build-id --libexecdir=/usr/lib --without-included-gettext --enable-threads=posix --libdir=/usr/lib --enable-nls --enable-bootstrap --enable-clocale=gnu --enable-libstdcxx-debug --enable-libstdcxx-time=yes --with-default-libstdcxx-abi=new --enable-gnu-unique-object --disable-vtable-verify --enable-libmpx --enable-plugin --enable-default-pie --with-system-zlib --with-target-system-zlib --enable-objc-gc=auto --enable-multiarch --disable-werror --with-arch-32=i686 --with-abi=m64 --with-multilib-list=m32,m64,mx32 --enable-multilib --with-tune=generic --enable-offload-targets=nvptx-none --without-cuda-driver --enable-checking=release --build=x86_64-linux-gnu --host=x86_64-linux-gnu --target=x86_64-linux-gnu
Thread model: posix
gcc version 7.5.0 (Ubuntu 7.5.0-3ubuntu1~18.04) 
configure:4276: $? = 0
configure:4265: gcc -V >&5
gcc: error: unrecognized command line option '-V'
gcc: fatal error: no input files
compilation terminated.
configure:4276: $? = 1
configure:4265: gcc -qversion >&5
gcc: error: unrecognized command line option '-qversion'; did you mean '--version'?
gcc: fatal error: no input files
compilation terminated.
configure:4276: $? = 1
configure:4265: gcc -version >&5
gcc: error: unrecognized command line option '-version'
gcc: fatal error: no input files
compilation terminated.
configure:4276: $? = 1
configure:4296: checking whether the C compiler works
configure:4318: gcc    conftest.c  >&5
configure:4322: $? = 0
configure:4372: result: yes
configure:4375: checking for C compiler default output file name
configure:4377: result: a.out
configure:4383: checking for suffix of executables
configure:4390: gcc -o conftest    conftest.c  >&5
configure:4394: $? = 0
configure:4417: result: 
configure:4439: checking whether we are cross compiling
configure:4447: gcc -o conftest    conftest.c  >&5
configure:4451: $? = 0
configure:4458: ./conftest
configure:4462: $? = 0
configure:4477: result: no
configure:4482: checking for suffix of object files
configure:4505: gcc -c   conftest.c >&5
configure:4509: $? = 0
configure:4531: result: o
configure:4535: checking whether the compiler supports GNU C
configure:4555: gcc -c   conftest.c >&5
configure:4555: $? = 0
configure:4565: result: yes
configure:4576: checking whether gcc accepts -g
configure:4597: gcc -c -g  conftest.c >&5
configure:4597: $? = 0
configure:4641: result: yes
configure:4658: checking for gcc option to enable C11 features
configure:4673: gcc  -c -g -O2  conftest.c >&5
configure:4673: $? = 0
configure:4688: result: none needed
configure:4817: checking whether gcc understands -c and -o together
configure:4840: gcc -c conftest.c -o conftest2.o
configure:4843: $? = 0
configure:4840: gcc -c conftest.c -o conftest2.o
configure:4843: $? = 0
configure:4855: result: yes
configure:4874: checking dependency style of gcc
configure:4986: result: gcc3
configure:5071: checking for g++
configure:5092: found /usr/bin/g++
configure:5103: result: g++
configure:5130: checking for C++ compiler version
configure:5139: g++ --version >&5
g++ (Ubuntu 7.5.0-3ubuntu1~18.04) 7.5.0
Copyright (C) 2017 Free Software Foundation, Inc.
This is free software; see the source for copying conditions.  There is NO
warranty; not even for MERCHANTABILITY or FITNESS FOR A PARTICULAR PURPOSE.

configure:5150: $? = 0
configure:5139: g++ -v >&5
Using built-in specs.
COLLECT_GCC=g++
COLLECT_LTO_WRAPPER=/usr/lib/gcc/x86_64-linux-gnu/7/lto-wrapper
OFFLOAD_TARGET_NAMES=nvptx-none
OFFLOAD_TARGET_DEFAULT=1
Target: x86_64-linux-gnu
Configured with: ../src/configure -v --with-pkgversion='Ubuntu 7.5.0-3ubuntu1~18.04' --with-bugurl=file:///usr/share/doc/gcc-7/README.Bugs --enable-languages=c,ada,c++,go,brig,d,fortran,objc,obj-c++ --prefix=/usr --with-gcc-major-version-only --program-suffix=-7 --program-prefix=x86_64-linux-gnu- --enable-shared --enable-linker-build-id --libexecdir=/usr/lib --without-included-gettext --enable-threads=posix --libdir=/usr/lib --enable-nls --enable-bootstrap --enable-clocale=gnu --enable-libstdcxx-debug --enable-libstdcxx-time=yes --with-default-libstdcxx-abi=new --enable-gnu-unique-object --disable-vtable-verify --enable-libmpx --enable-plugin --enable-default-pie --with-system-zlib --with-target-system-zlib --enable-objc-gc=auto --enable-multiarch --disable-werror --with-arch-32=i686 --with-abi=m64 --with-multilib-list=m32,m64,mx32 --enable-multilib --with-tune=generic --enable-offload-targets=nvptx-none --without-cuda-driver --enable-checking=release --build=x86_64-linux-gnu --host=x86_64-linux-gnu --target=x86_64-linux-gnu
Thread model: posix
gcc version 7.5.0 (Ubuntu 7.5.0-3ubuntu1~18.04) 
configure:5150: $? = 0
configure:5139: g++ -V >&5
g++: error: unrecognized command line option '-V'
g++: fatal error: no input files
compilation terminated.
configure:5150: $? = 1
configure:5139: g++ -qversion >&5
g++: error: unrecognized command line option '-qversion'; did you mean '--version'?
g++: fatal error: no input files
compilation terminated.
configure:5150: $? = 1
configure:5154: checking whether the compiler supports GNU C++
configure:5174: g++ -c   conftest.cpp >&5
configure:5174: $? = 0
configure:5184: result: yes
configure:5195: checking whether g++ accepts -g
configure:5216: g++ -c -g  conftest.cpp >&5
configure:5216: $? = 0
configure:5260: result: yes
configure:5277: checking for g++ option to enable C++11 features
configure:5292: g++  -c -g -O2  conftest.cpp >&5
configure:5292: $? = 0
configure:5307: result: none needed
configure:5384: checking dependency style of g++
configure:5496: result: gcc3
configure:5511: checking whether ln -s works
configure:5515: result: yes
configure:5523: checking for a sed that does not truncate output
configure:5593: result: /bin/sed
configure:5631: checking build system type
configure:5646: result: x86_64-pc-linux-gnu
configure:5666: checking host system type
configure:5680: result: x86_64-pc-linux-gnu
configure:5721: checking how to print strings
configure:5748: result: printf
configure:5769: checking for a sed that does not truncate output
configure:5839: result: /bin/sed
configure:5857: checking for grep that handles long lines and -e
configure:5921: result: /bin/grep
configure:5926: checking for egrep
configure:5994: result: /bin/grep -E
configure:5999: checking for fgrep
configure:6067: result: /bin/grep -F
configure:6103: checking for ld used by gcc
configure:6171: result: /usr/bin/ld
configure:6178: checking if the linker (/usr/bin/ld) is GNU ld
configure:6194: result: yes
configure:6206: checking for BSD- or MS-compatible name lister (nm)
configure:6261: result: /usr/bin/nm -B
configure:6401: checking the name lister (/usr/bin/nm -B) interface
configure:6409: gcc -c -g -O2  conftest.c >&5
configure:6412: /usr/bin/nm -B "conftest.o"
configure:6415: output
0000000000000000 B some_variable
configure:6422: result: BSD nm
configure:6426: checking the maximum length of command line arguments
configure:6558: result: 1572864
configure:6606: checking how to convert x86_64-pc-linux-gnu file names to x86_64-pc-linux-gnu format
configure:6647: result: func_convert_file_noop
configure:6654: checking how to convert x86_64-pc-linux-gnu file names to toolchain format
configure:6675: result: func_convert_file_noop
configure:6682: checking for /usr/bin/ld option to reload object files
configure:6690: result: -r
configure:6769: checking for objdump
configure:6790: found /usr/bin/objdump
configure:6801: result: objdump
configure:6833: checking how to recognize dependent libraries
configure:7034: result: pass_all
configure:7124: checking for dlltool
configure:7159: result: no
configure:7189: checking how to associate runtime and link libraries
configure:7217: result: printf %s\n
configure:7283: checking for ar
configure:7304: found /usr/bin/ar
configure:7315: result: ar
configure:7352: checking for archiver @FILE support
configure:7370: gcc -c -g -O2  conftest.c >&5
configure:7370: $? = 0
configure:7374: ar cru libconftest.a @conftest.lst >&5
ar: `u' modifier ignored since `D' is the default (see `U')
configure:7377: $? = 0
configure:7382: ar cru libconftest.a @conftest.lst >&5
ar: `u' modifier ignored since `D' is the default (see `U')
ar: conftest.o: No such file or directory
configure:7385: $? = 1
configure:7397: result: @
configure:7460: checking for strip
configure:7481: found /usr/bin/strip
configure:7492: result: strip
configure:7569: checking for ranlib
configure:7590: found /usr/bin/ranlib
configure:7601: result: ranlib
configure:7703: checking command to parse /usr/bin/nm -B output from gcc object
configure:7857: gcc -c -g -O2  conftest.c >&5
configure:7860: $? = 0
configure:7864: /usr/bin/nm -B conftest.o \| sed -n -e 's/^.*[ ]\([ABCDGIRSTW][ABCDGIRSTW]*\)[ ][ ]*\([_A-Za-z][_A-Za-z0-9]*\)$/\1 \2 \2/p' | sed '/ __gnu_lto/d' \> conftest.nm
configure:7867: $? = 0
configure:7933: gcc -o conftest -g -O2   conftest.c conftstm.o >&5
configure:7936: $? = 0
configure:7974: result: ok
configure:8021: checking for sysroot
configure:8052: result: no
configure:8059: checking for a working dd
configure:8103: result: /bin/dd
configure:8107: checking how to truncate binary pipes
configure:8123: result: /bin/dd bs=4096 count=1
configure:8260: gcc -c -g -O2  conftest.c >&5
configure:8263: $? = 0
configure:8460: checking for mt
configure:8481: found /bin/mt
configure:8492: result: mt
configure:8515: checking if mt is a manifest tool
configure:8522: mt '-?'
configure:8530: result: no
configure:9260: checking for stdio.h
configure:9260: gcc -c -g -O2  conftest.c >&5
configure:9260: $? = 0
configure:9260: result: yes
configure:9260: checking for stdlib.h
configure:9260: gcc -c -g -O2  conftest.c >&5
configure:9260: $? = 0
configure:9260: result: yes
configure:9260: checking for string.h
configure:9260: gcc -c -g -O2  conftest.c >&5
configure:9260: $? = 0
configure:9260: result: yes
configure:9260: checking for inttypes.h
configure:9260: gcc -c -g -O2  conftest.c >&5
configure:9260: $? = 0
configure:9260: result: yes
configure:9260: checking for stdint.h
configure:9260: gcc -c -g -O2  conftest.c >&5
configure:9260: $? = 0
configure:9260: result: yes
configure:9260: checking for strings.h
configure:9260: gcc -c -g -O2  conftest.c >&5
configure:9260: $? = 0
configure:9260: result: yes
configure:9260: checking for sys/stat.h
configure:9260: gcc -c -g -O2  conftest.c >&5
configure:9260: $? = 0
configure:9260: result: yes
configure:9260: checking for sys/types.h
configure:9260: gcc -c -g -O2  conftest.c >&5
configure:9260: $? = 0
configure:9260: result: yes
configure:9260: checking for unistd.h
configure:9260: gcc -c -g -O2  conftest.c >&5
configure:9260: $? = 0
configure:9260: result: yes
configure:9285: checking for dlfcn.h
configure:9285: gcc -c -g -O2  conftest.c >&5
configure:9285: $? = 0
configure:9285: result: yes
configure:9553: checking for objdir
configure:9569: result: .libs
configure:9829: checking if gcc supports -fno-rtti -fno-exceptions
configure:9848: gcc -c -g -O2  -fno-rtti -fno-exceptions conftest.c >&5
cc1: warning: command line option '-fno-rtti' is valid for C++/ObjC++ but not for C
configure:9852: $? = 0
configure:9865: result: no
configure:10223: checking for gcc option to produce PIC
configure:10231: result: -fPIC -DPIC
configure:10239: checking if gcc PIC flag -fPIC -DPIC works
configure:10258: gcc -c -g -O2  -fPIC -DPIC -DPIC conftest.c >&5
configure:10262: $? = 0
configure:10275: result: yes
configure:10304: checking if gcc static flag -static works
configure:10333: result: yes
configure:10348: checking if gcc supports -c -o file.o
configure:10370: gcc -c -g -O2  -o out/conftest2.o conftest.c >&5
configure:10374: $? = 0
configure:10396: result: yes
configure:10404: checking if gcc supports -c -o file.o
configure:10452: result: yes
configure:10485: checking whether the gcc linker (/usr/bin/ld -m elf_x86_64) supports shared libraries
configure:11755: result: yes
configure:11792: checking whether -lc should be explicitly linked in
configure:11801: gcc -c -g -O2  conftest.c >&5
configure:11804: $? = 0
configure:11819: gcc -shared  -fPIC -DPIC conftest.o  -v -Wl,-soname -Wl,conftest -o conftest 2\>\&1 \| /bin/grep  -lc  \>/dev/null 2\>\&1
configure:11822: $? = 0
configure:11836: result: no
configure:11996: checking dynamic linker characteristics
configure:12578: gcc -o conftest -g -O2   -Wl,-rpath -Wl,/foo conftest.c  >&5
configure:12578: $? = 0
configure:12829: result: GNU/Linux ld.so
configure:12951: checking how to hardcode library paths into programs
configure:12976: result: immediate
configure:13528: checking whether stripping libraries is possible
configure:13533: result: yes
configure:13568: checking if libtool supports shared libraries
configure:13570: result: yes
configure:13573: checking whether to build shared libraries
configure:13598: result: yes
configure:13601: checking whether to build static libraries
configure:13605: result: no
configure:13628: checking how to run the C++ preprocessor
configure:13650: g++ -E  conftest.cpp
configure:13650: $? = 0
configure:13665: g++ -E  conftest.cpp
conftest.cpp:23:10: fatal error: ac_nonexistent.h: No such file or directory
 #include <ac_nonexistent.h>
          ^~~~~~~~~~~~~~~~~~
compilation terminated.
configure:13665: $? = 1
configure: failed program was:
| /* confdefs.h */
| #define PACKAGE_NAME "prophet"
| #define PACKAGE_TARNAME "prophet"
| #define PACKAGE_VERSION "0.1"
| #define PACKAGE_STRING "prophet 0.1"
| #define PACKAGE_BUGREPORT "fanl@csail.mit.edu, zichaoqi@mit.edu"
| #define PACKAGE_URL ""
| #define PACKAGE "prophet"
| #define VERSION "0.1"
| #define HAVE_STDIO_H 1
| #define HAVE_STDLIB_H 1
| #define HAVE_STRING_H 1
| #define HAVE_INTTYPES_H 1
| #define HAVE_STDINT_H 1
| #define HAVE_STRINGS_H 1
| #define HAVE_SYS_STAT_H 1
| #define HAVE_SYS_TYPES_H 1
| #define HAVE_UNISTD_H 1
| #define STDC_HEADERS 1
| #define HAVE_DLFCN_H 1
| #define LT_OBJDIR ".libs/"
| /* end confdefs.h.  */
| #include <ac_nonexistent.h>
configure:13692: result: g++ -E
configure:13706: g++ -E  conftest.cpp
configure:13706: $? = 0
configure:13721: g++ -E  conftest.cpp
conftest.cpp:23:10: fatal error: ac_nonexistent.h: No such file or directory
 #include <ac_nonexistent.h>
          ^~~~~~~~~~~~~~~~~~
compilation terminated.
configure:13721: $? = 1
configure: failed program was:
| /* confdefs.h */
| #define PACKAGE_NAME "prophet"
| #define PACKAGE_TARNAME "prophet"
| #define PACKAGE_VERSION "0.1"
| #define PACKAGE_STRING "prophet 0.1"
| #define PACKAGE_BUGREPORT "fanl@csail.mit.edu, zichaoqi@mit.edu"
| #define PACKAGE_URL ""
| #define PACKAGE "prophet"
| #define VERSION "0.1"
| #define HAVE_STDIO_H 1
| #define HAVE_STDLIB_H 1
| #define HAVE_STRING_H 1
| #define HAVE_INTTYPES_H 1
| #define HAVE_STDINT_H 1
| #define HAVE_STRINGS_H 1
| #define HAVE_SYS_STAT_H 1
| #define HAVE_SYS_TYPES_H 1
| #define HAVE_UNISTD_H 1
| #define STDC_HEADERS 1
| #define HAVE_DLFCN_H 1
| #define LT_OBJDIR ".libs/"
| /* end confdefs.h.  */
| #include <ac_nonexistent.h>
configure:13886: checking for ld used by g++
configure:13954: result: /usr/bin/ld -m elf_x86_64
configure:13961: checking if the linker (/usr/bin/ld -m elf_x86_64) is GNU ld
configure:13977: result: yes
configure:14032: checking whether the g++ linker (/usr/bin/ld -m elf_x86_64) supports shared libraries
configure:15109: result: yes
configure:15145: g++ -c -g -O2  conftest.cpp >&5
configure:15148: $? = 0
configure:15629: checking for g++ option to produce PIC
configure:15637: result: -fPIC -DPIC
configure:15645: checking if g++ PIC flag -fPIC -DPIC works
configure:15664: g++ -c -g -O2  -fPIC -DPIC -DPIC conftest.cpp >&5
configure:15668: $? = 0
configure:15681: result: yes
configure:15704: checking if g++ static flag -static works
configure:15733: result: yes
configure:15745: checking if g++ supports -c -o file.o
configure:15767: g++ -c -g -O2  -o out/conftest2.o conftest.cpp >&5
configure:15771: $? = 0
configure:15793: result: yes
configure:15798: checking if g++ supports -c -o file.o
configure:15846: result: yes
configure:15876: checking whether the g++ linker (/usr/bin/ld -m elf_x86_64) supports shared libraries
configure:15919: result: yes
configure:16061: checking dynamic linker characteristics
configure:16821: result: GNU/Linux ld.so
configure:16886: checking how to hardcode library paths into programs
configure:16911: result: immediate
configure:17006: checking size of void *
configure:17012: gcc -o conftest -g -O2   conftest.c  >&5
configure:17012: $? = 0
configure:17012: ./conftest
configure:17012: $? = 0
configure:17027: result: 8
configure:17039: checking size of int
configure:17045: gcc -o conftest -g -O2   conftest.c  >&5
configure:17045: $? = 0
configure:17045: ./conftest
configure:17045: $? = 0
configure:17060: result: 4
configure:17072: checking size of long
configure:17078: gcc -o conftest -g -O2   conftest.c  >&5
configure:17078: $? = 0
configure:17078: ./conftest
configure:17078: $? = 0
configure:17093: result: 8
configure:17215: checking that generated files are newer than configure
configure:17221: result: done
configure:17248: creating ./config.status

## ---------------------- ##
## Running config.status. ##
## ---------------------- ##

This file was extended by prophet config.status 0.1, which was
generated by GNU Autoconf 2.70.  Invocation command line was

  CONFIG_FILES    = 
  CONFIG_HEADERS  = 
  CONFIG_LINKS    = 
  CONFIG_COMMANDS = 
  $ ./config.status 

on e7b4c2dae444

config.status:1159: creating Makefile
config.status:1159: creating src/Makefile
config.status:1159: creating benchmarks/Makefile
config.status:1159: creating benchmarks/php-deps/Makefile
config.status:1159: creating benchmarks/lighttpd-deps/Makefile
config.status:1159: creating benchmarks/libtiff-deps/Makefile
config.status:1159: creating benchmarks/apache-deps/Makefile
config.status:1159: creating tests/Makefile
config.status:1159: creating tests/atlocal
config.status:1159: creating wrap/Makefile
config.status:1159: creating include/Makefile
config.status:1159: creating config.h
config.status:1388: executing tests/atconfig commands
config.status:1388: executing depfiles commands
config.status:1388: executing libtool commands

## ---------------- ##
## Cache variables. ##
## ---------------- ##

ac_cv_build=x86_64-pc-linux-gnu
ac_cv_c_compiler_gnu=yes
ac_cv_cxx_compiler_gnu=yes
ac_cv_env_CCC_set=
ac_cv_env_CCC_value=
ac_cv_env_CC_set=
ac_cv_env_CC_value=
ac_cv_env_CFLAGS_set=
ac_cv_env_CFLAGS_value=
ac_cv_env_CPPFLAGS_set=
ac_cv_env_CPPFLAGS_value=
ac_cv_env_CXXCPP_set=
ac_cv_env_CXXCPP_value=
ac_cv_env_CXXFLAGS_set=
ac_cv_env_CXXFLAGS_value=
ac_cv_env_CXX_set=
ac_cv_env_CXX_value=
ac_cv_env_LDFLAGS_set=
ac_cv_env_LDFLAGS_value=
ac_cv_env_LIBS_set=
ac_cv_env_LIBS_value=
ac_cv_env_LT_SYS_LIBRARY_PATH_set=
ac_cv_env_LT_SYS_LIBRARY_PATH_value=
ac_cv_env_build_alias_set=
ac_cv_env_build_alias_value=
ac_cv_env_host_alias_set=
ac_cv_env_host_alias_value=
ac_cv_env_target_alias_set=
ac_cv_env_target_alias_value=
ac_cv_header_dlfcn_h=yes
ac_cv_header_inttypes_h=yes
ac_cv_header_stdint_h=yes
ac_cv_header_stdio_h=yes
ac_cv_header_stdlib_h=yes
ac_cv_header_string_h=yes
ac_cv_header_strings_h=yes
ac_cv_header_sys_stat_h=yes
ac_cv_header_sys_types_h=yes
ac_cv_header_unistd_h=yes
ac_cv_host=x86_64-pc-linux-gnu
ac_cv_objext=o
ac_cv_path_EGREP='/bin/grep -E'
ac_cv_path_FGREP='/bin/grep -F'
ac_cv_path_GREP=/bin/grep
ac_cv_path_SED=/bin/sed
ac_cv_path_install='/usr/bin/install -c'
ac_cv_path_lt_DD=/bin/dd
ac_cv_path_mkdir=/bin/mkdir
ac_cv_prog_AWK=mawk
ac_cv_prog_CXXCPP='g++ -E'
ac_cv_prog_ac_ct_AR=ar
ac_cv_prog_ac_ct_CC=gcc
ac_cv_prog_ac_ct_CXX=g++
ac_cv_prog_ac_ct_MANIFEST_TOOL=mt
ac_cv_prog_ac_ct_OBJDUMP=objdump
ac_cv_prog_ac_ct_RANLIB=ranlib
ac_cv_prog_ac_ct_STRIP=strip
ac_cv_prog_cc_c11=
ac_cv_prog_cc_g=yes
ac_cv_prog_cc_stdc=
ac_cv_prog_cxx_cxx11=
ac_cv_prog_cxx_cxx98=
ac_cv_prog_cxx_g=yes
ac_cv_prog_cxx_stdcxx=
ac_cv_prog_make_make_set=yes
ac_cv_sizeof_int=4
ac_cv_sizeof_long=8
ac_cv_sizeof_void_p=8
am_cv_CC_dependencies_compiler_type=gcc3
am_cv_CXX_dependencies_compiler_type=gcc3
am_cv_make_support_nested_variables=yes
am_cv_prog_cc_c_o=yes
lt_cv_ar_at_file=@
lt_cv_archive_cmds_need_lc=no
lt_cv_deplibs_check_method=pass_all
lt_cv_file_magic_cmd='$MAGIC_CMD'
lt_cv_file_magic_test_file=
lt_cv_ld_reload_flag=-r
lt_cv_nm_interface='BSD nm'
lt_cv_objdir=.libs
lt_cv_path_LD=/usr/bin/ld
lt_cv_path_LDCXX='/usr/bin/ld -m elf_x86_64'
lt_cv_path_NM='/usr/bin/nm -B'
lt_cv_path_mainfest_tool=no
lt_cv_prog_compiler_c_o=yes
lt_cv_prog_compiler_c_o_CXX=yes
lt_cv_prog_compiler_pic='-fPIC -DPIC'
lt_cv_prog_compiler_pic_CXX='-fPIC -DPIC'
lt_cv_prog_compiler_pic_works=yes
lt_cv_prog_compiler_pic_works_CXX=yes
lt_cv_prog_compiler_rtti_exceptions=no
lt_cv_prog_compiler_static_works=yes
lt_cv_prog_compiler_static_works_CXX=yes
lt_cv_prog_gnu_ld=yes
lt_cv_prog_gnu_ldcxx=yes
lt_cv_sharedlib_from_linklib_cmd='printf %s\n'
lt_cv_shlibpath_overrides_runpath=yes
lt_cv_sys_global_symbol_pipe='sed -n -e '\''s/^.*[	 ]\([ABCDGIRSTW][ABCDGIRSTW]*\)[	 ][	 ]*\([_A-Za-z][_A-Za-z0-9]*\)$/\1 \2 \2/p'\'' | sed '\''/ __gnu_lto/d'\'''
lt_cv_sys_global_symbol_to_c_name_address='sed -n -e '\''s/^: \(.*\) .*$/  {"\1", (void *) 0},/p'\'' -e '\''s/^[ABCDGIRSTW][ABCDGIRSTW]* .* \(.*\)$/  {"\1", (void *) \&\1},/p'\'''
lt_cv_sys_global_symbol_to_c_name_address_lib_prefix='sed -n -e '\''s/^: \(.*\) .*$/  {"\1", (void *) 0},/p'\'' -e '\''s/^[ABCDGIRSTW][ABCDGIRSTW]* .* \(lib.*\)$/  {"\1", (void *) \&\1},/p'\'' -e '\''s/^[ABCDGIRSTW][ABCDGIRSTW]* .* \(.*\)$/  {"lib\1", (void *) \&\1},/p'\'''
lt_cv_sys_global_symbol_to_cdecl='sed -n -e '\''s/^T .* \(.*\)$/extern int \1();/p'\'' -e '\''s/^[ABCDGIRSTW][ABCDGIRSTW]* .* \(.*\)$/extern char \1;/p'\'''
lt_cv_sys_global_symbol_to_import=
lt_cv_sys_max_cmd_len=1572864
lt_cv_to_host_file_cmd=func_convert_file_noop
lt_cv_to_tool_file_cmd=func_convert_file_noop
lt_cv_truncate_bin='/bin/dd bs=4096 count=1'

## ----------------- ##
## Output variables. ##
## ----------------- ##

ACLOCAL='${SHELL} /root/project/prophet-gpl/build-aux/missing aclocal-1.15'
AMDEPBACKSLASH='\'
AMDEP_FALSE='#'
AMDEP_TRUE=''
AMTAR='$${TAR-tar}'
AM_BACKSLASH='\'
AM_DEFAULT_V='$(AM_DEFAULT_VERBOSITY)'
AM_DEFAULT_VERBOSITY='0'
AM_V='$(V)'
AR='ar'
AUTOCONF='${SHELL} /root/project/prophet-gpl/build-aux/missing autoconf'
AUTOHEADER='${SHELL} /root/project/prophet-gpl/build-aux/missing autoheader'
AUTOMAKE='${SHELL} /root/project/prophet-gpl/build-aux/missing automake-1.15'
AWK='mawk'
CC='gcc'
CCDEPMODE='depmode=gcc3'
CFLAGS='-g -O2'
CPPFLAGS=''
CXX='g++'
CXXCPP='g++ -E'
CXXDEPMODE='depmode=gcc3'
CXXFLAGS='-g -O2'
CYGPATH_W='echo'
DEFS='-DHAVE_CONFIG_H'
DEPDIR='.deps'
DLLTOOL='false'
DSYMUTIL=''
DUMPBIN=''
ECHO_C=''
ECHO_N='-n'
ECHO_T=''
EGREP='/bin/grep -E'
EXEEXT=''
FGREP='/bin/grep -F'
GREP='/bin/grep'
INSTALL_DATA='${INSTALL} -m 644'
INSTALL_PROGRAM='${INSTALL}'
INSTALL_SCRIPT='${INSTALL}'
INSTALL_STRIP_PROGRAM='$(install_sh) -c -s'
LD='/usr/bin/ld -m elf_x86_64'
LDFLAGS=''
LIBOBJS=''
LIBS=''
LIBTOOL='$(SHELL) $(top_builddir)/libtool'
LIPO=''
LN_S='ln -s'
LTLIBOBJS=''
LT_SYS_LIBRARY_PATH=''
MAKEINFO='${SHELL} /root/project/prophet-gpl/build-aux/missing makeinfo'
MANIFEST_TOOL=':'
MKDIR_P='/bin/mkdir -p'
NM='/usr/bin/nm -B'
NMEDIT=''
OBJDUMP='objdump'
OBJEXT='o'
OTOOL64=''
OTOOL=''
PACKAGE='prophet'
PACKAGE_BUGREPORT='fanl@csail.mit.edu, zichaoqi@mit.edu'
PACKAGE_NAME='prophet'
PACKAGE_STRING='prophet 0.1'
PACKAGE_TARNAME='prophet'
PACKAGE_URL=''
PACKAGE_VERSION='0.1'
PATH_SEPARATOR=':'
RANLIB='ranlib'
SED='/bin/sed'
SET_MAKE=''
SHELL='/bin/bash'
STRIP='strip'
VERSION='0.1'
ac_ct_AR='ar'
ac_ct_CC='gcc'
ac_ct_CXX='g++'
ac_ct_DUMPBIN=''
am__EXEEXT_FALSE=''
am__EXEEXT_TRUE='#'
am__fastdepCC_FALSE='#'
am__fastdepCC_TRUE=''
am__fastdepCXX_FALSE='#'
am__fastdepCXX_TRUE=''
am__include='include'
am__isrc=''
am__leading_dot='.'
am__nodep='_no'
am__quote=''
am__tar='$${TAR-tar} chof - "$$tardir"'
am__untar='$${TAR-tar} xf -'
bindir='${exec_prefix}/bin'
build='x86_64-pc-linux-gnu'
build_alias=''
build_cpu='x86_64'
build_os='linux-gnu'
build_vendor='pc'
datadir='${datarootdir}'
datarootdir='${prefix}/share'
docdir='${datarootdir}/doc/${PACKAGE_TARNAME}'
dvidir='${docdir}'
exec_prefix='${prefix}'
host='x86_64-pc-linux-gnu'
host_alias=''
host_cpu='x86_64'
host_os='linux-gnu'
host_vendor='pc'
htmldir='${docdir}'
includedir='${prefix}/include'
infodir='${datarootdir}/info'
install_sh='${SHELL} /root/project/prophet-gpl/build-aux/install-sh'
libdir='${exec_prefix}/lib'
libexecdir='${exec_prefix}/libexec'
localedir='${datarootdir}/locale'
localstatedir='${prefix}/var'
mandir='${datarootdir}/man'
mkdir_p='$(MKDIR_P)'
oldincludedir='/usr/include'
pdfdir='${docdir}'
prefix='/usr/local'
program_transform_name='s,x,x,'
psdir='${docdir}'
runstatedir='${localstatedir}/run'
sbindir='${exec_prefix}/sbin'
sharedstatedir='${prefix}/com'
sysconfdir='${prefix}/etc'
target_alias=''

## ----------- ##
## confdefs.h. ##
## ----------- ##

/* confdefs.h */
#define PACKAGE_NAME "prophet"
#define PACKAGE_TARNAME "prophet"
#define PACKAGE_VERSION "0.1"
#define PACKAGE_STRING "prophet 0.1"
#define PACKAGE_BUGREPORT "fanl@csail.mit.edu, zichaoqi@mit.edu"
#define PACKAGE_URL ""
#define PACKAGE "prophet"
#define VERSION "0.1"
#define HAVE_STDIO_H 1
#define HAVE_STDLIB_H 1
#define HAVE_STRING_H 1
#define HAVE_INTTYPES_H 1
#define HAVE_STDINT_H 1
#define HAVE_STRINGS_H 1
#define HAVE_SYS_STAT_H 1
#define HAVE_SYS_TYPES_H 1
#define HAVE_UNISTD_H 1
#define STDC_HEADERS 1
#define HAVE_DLFCN_H 1
#define LT_OBJDIR ".libs/"
#define EXTRA_CLANG_INCLUDE_PATH " -I/usr/local/include  -I/usr/local/lib/clang/11.1.0/include  -I/usr/include/x86_64-linux-gnu  -I/usr/include  "
#define CLANG_WRAP_PATH "/root/project/prophet-gpl/wrap"
#define CLANG_CMD "/usr/local/bin/clang"
#define GCC_CMD "/usr/bin/gcc"
#define SIZEOF_VOID_P 8
#define SIZEOF_INT 4
#define SIZEOF_LONG 8

configure: exit 0
