/root/project/prophet-gpl/wrap/g++ -c bresenham.cpp -o bresenham.o
/root/project/prophet-gpl/wrap/g++ -o prog bresenham.o
Path env:  /usr/local/sbin:/usr/local/bin:/usr/sbin:/usr/bin:/sbin:/bin
/root/project/prophet-gpl/wrap/g++ -c bresenham.cpp -o bresenham.o
bresenham.cpp:2:5: error: expected unqualified-id
    switch(__choose("__ID2")){
    ^
bresenham.cpp:15:71: error: extraneous closing brace ('}')
    } int __is_neg(int, ...); int __abst_hole(); int __choose(char *);}
                                                                      ^
bresenham.cpp:28:21: warning: ISO C++11 does not allow conversion from string literal to 'char *' [-Wwritable-strings]
    switch(__choose("__ID32")){
                    ^
bresenham.cpp:35:9: error: invalid use of 'this' outside of a non-static member function
    if (this->_M_offset++ == int(_S_word_bit) - 1) {
        ^
bresenham.cpp:35:34: error: use of undeclared identifier '_S_word_bit'; did you mean 'std::_S_word_bit'?
    if (this->_M_offset++ == int(_S_word_bit) - 1) {
                                 ^~~~~~~~~~~
                                 std::_S_word_bit
/usr/lib/gcc/x86_64-linux-gnu/7.5.0/../../../../include/c++/7.5.0/bits/stl_bvector.h:68:10: note: 'std::_S_word_bit' declared here
  enum { _S_word_bit = int(__CHAR_BIT__ * sizeof(_Bit_type)) };
         ^
bresenham.cpp:36:9: error: invalid use of 'this' outside of a non-static member function
        this->_M_offset = 0;
        ^
bresenham.cpp:37:11: error: invalid use of 'this' outside of a non-static member function
        ++this->_M_p;
          ^
bresenham.cpp:39:5: error: invalid use of 'this' outside of a non-static member function
    this->_M_offset = 0;
    ^
bresenham.cpp:40:5: error: invalid use of 'this' outside of a non-static member function
    this->_M_impl._M_start = std::vector<bool, type-parameter-0-0>::iterator(0, 0);
    ^
bresenham.cpp:40:48: error: use of undeclared identifier 'type'
    this->_M_impl._M_start = std::vector<bool, type-parameter-0-0>::iterator(0, 0);
                                               ^
bresenham.cpp:40:53: error: use of undeclared identifier 'parameter'
    this->_M_impl._M_start = std::vector<bool, type-parameter-0-0>::iterator(0, 0);
                                                    ^
bresenham.cpp:41:7: error: invalid use of 'this' outside of a non-static member function
    ++this->_M_p;
      ^
bresenham.cpp:42:7: error: invalid use of 'this' outside of a non-static member function
    ++this->_M_current;
      ^
bresenham.cpp:43:7: error: invalid use of 'this' outside of a non-static member function
    ++this->iter;
      ^
bresenham.cpp:44:7: error: invalid use of 'this' outside of a non-static member function
    ++this->current;
      ^
bresenham.cpp:45:7: error: invalid use of 'this' outside of a non-static member function
    --this->_M_current;
      ^
bresenham.cpp:46:7: error: invalid use of 'this' outside of a non-static member function
    --this->current;
      ^
bresenham.cpp:47:7: error: invalid use of 'this' outside of a non-static member function
    --this->_M_p;
      ^
bresenham.cpp:48:7: error: invalid use of 'this' outside of a non-static member function
    --this->_M_impl._M_finish;
      ^
bresenham.cpp:50:7: error: invalid use of 'this' outside of a non-static member function
    ++this->_M_impl._M_finish;
      ^
fatal error: too many errors emitted, stopping now [-ferror-limit=]
1 warning and 20 errors generated.
Makefile:2: recipe for target 'prog' failed
make: *** [prog] Error 1
/root/project/prophet-gpl/wrap/g++ -c bresenham.cpp -o bresenham.o
bresenham.cpp:2:5: error: expected unqualified-id
    switch(__choose("__ID98")){
    ^
bresenham.cpp:15:71: error: extraneous closing brace ('}')
    } int __is_neg(int, ...); int __abst_hole(); int __choose(char *);}
                                                                      ^
bresenham.cpp:28:21: warning: ISO C++11 does not allow conversion from string literal to 'char *' [-Wwritable-strings]
    switch(__choose("__ID128")){
                    ^
bresenham.cpp:35:9: error: invalid use of 'this' outside of a non-static member function
    if (this->_M_offset++ == int(_S_word_bit) - 1) {
        ^
bresenham.cpp:35:34: error: use of undeclared identifier '_S_word_bit'; did you mean 'std::_S_word_bit'?
    if (this->_M_offset++ == int(_S_word_bit) - 1) {
                                 ^~~~~~~~~~~
                                 std::_S_word_bit
/usr/lib/gcc/x86_64-linux-gnu/7.5.0/../../../../include/c++/7.5.0/bits/stl_bvector.h:68:10: note: 'std::_S_word_bit' declared here
  enum { _S_word_bit = int(__CHAR_BIT__ * sizeof(_Bit_type)) };
         ^
bresenham.cpp:36:9: error: invalid use of 'this' outside of a non-static member function
        this->_M_offset = 0;
        ^
bresenham.cpp:37:11: error: invalid use of 'this' outside of a non-static member function
        ++this->_M_p;
          ^
bresenham.cpp:39:5: error: invalid use of 'this' outside of a non-static member function
    this->_M_offset = 0;
    ^
bresenham.cpp:40:5: error: invalid use of 'this' outside of a non-static member function
    this->_M_impl._M_start = std::vector<bool, type-parameter-0-0>::iterator(0, 0);
    ^
bresenham.cpp:40:48: error: use of undeclared identifier 'type'
    this->_M_impl._M_start = std::vector<bool, type-parameter-0-0>::iterator(0, 0);
                                               ^
bresenham.cpp:40:53: error: use of undeclared identifier 'parameter'
    this->_M_impl._M_start = std::vector<bool, type-parameter-0-0>::iterator(0, 0);
                                                    ^
bresenham.cpp:41:7: error: invalid use of 'this' outside of a non-static member function
    ++this->_M_p;
      ^
bresenham.cpp:42:7: error: invalid use of 'this' outside of a non-static member function
    ++this->_M_current;
      ^
bresenham.cpp:43:7: error: invalid use of 'this' outside of a non-static member function
    ++this->iter;
      ^
bresenham.cpp:44:7: error: invalid use of 'this' outside of a non-static member function
    ++this->current;
      ^
bresenham.cpp:45:7: error: invalid use of 'this' outside of a non-static member function
    --this->_M_current;
      ^
bresenham.cpp:46:7: error: invalid use of 'this' outside of a non-static member function
    --this->current;
      ^
bresenham.cpp:47:7: error: invalid use of 'this' outside of a non-static member function
    --this->_M_p;
      ^
bresenham.cpp:48:7: error: invalid use of 'this' outside of a non-static member function
    --this->_M_impl._M_finish;
      ^
bresenham.cpp:50:7: error: invalid use of 'this' outside of a non-static member function
    ++this->_M_impl._M_finish;
      ^
fatal error: too many errors emitted, stopping now [-ferror-limit=]
1 warning and 20 errors generated.
Makefile:2: recipe for target 'prog' failed
make: *** [prog] Error 1
/root/project/prophet-gpl/wrap/g++ -c bresenham.cpp -o bresenham.o
bresenham.cpp:2:5: error: expected unqualified-id
    switch(__choose("__ID194")){
    ^
bresenham.cpp:15:71: error: extraneous closing brace ('}')
    } int __is_neg(int, ...); int __abst_hole(); int __choose(char *);}
                                                                      ^
bresenham.cpp:28:21: warning: ISO C++11 does not allow conversion from string literal to 'char *' [-Wwritable-strings]
    switch(__choose("__ID224")){
                    ^
bresenham.cpp:35:9: error: invalid use of 'this' outside of a non-static member function
    if (this->_M_offset++ == int(_S_word_bit) - 1) {
        ^
bresenham.cpp:35:34: error: use of undeclared identifier '_S_word_bit'; did you mean 'std::_S_word_bit'?
    if (this->_M_offset++ == int(_S_word_bit) - 1) {
                                 ^~~~~~~~~~~
                                 std::_S_word_bit
/usr/lib/gcc/x86_64-linux-gnu/7.5.0/../../../../include/c++/7.5.0/bits/stl_bvector.h:68:10: note: 'std::_S_word_bit' declared here
  enum { _S_word_bit = int(__CHAR_BIT__ * sizeof(_Bit_type)) };
         ^
bresenham.cpp:36:9: error: invalid use of 'this' outside of a non-static member function
        this->_M_offset = 0;
        ^
bresenham.cpp:37:11: error: invalid use of 'this' outside of a non-static member function
        ++this->_M_p;
          ^
bresenham.cpp:39:5: error: invalid use of 'this' outside of a non-static member function
    this->_M_offset = 0;
    ^
bresenham.cpp:40:5: error: invalid use of 'this' outside of a non-static member function
    this->_M_impl._M_start = std::vector<bool, type-parameter-0-0>::iterator(0, 0);
    ^
bresenham.cpp:40:48: error: use of undeclared identifier 'type'
    this->_M_impl._M_start = std::vector<bool, type-parameter-0-0>::iterator(0, 0);
                                               ^
bresenham.cpp:40:53: error: use of undeclared identifier 'parameter'
    this->_M_impl._M_start = std::vector<bool, type-parameter-0-0>::iterator(0, 0);
                                                    ^
bresenham.cpp:41:7: error: invalid use of 'this' outside of a non-static member function
    ++this->_M_p;
      ^
bresenham.cpp:42:7: error: invalid use of 'this' outside of a non-static member function
    ++this->_M_current;
      ^
bresenham.cpp:43:7: error: invalid use of 'this' outside of a non-static member function
    ++this->iter;
      ^
bresenham.cpp:44:7: error: invalid use of 'this' outside of a non-static member function
    ++this->current;
      ^
bresenham.cpp:45:7: error: invalid use of 'this' outside of a non-static member function
    --this->_M_current;
      ^
bresenham.cpp:46:7: error: invalid use of 'this' outside of a non-static member function
    --this->current;
      ^
bresenham.cpp:47:7: error: invalid use of 'this' outside of a non-static member function
    --this->_M_p;
      ^
bresenham.cpp:48:7: error: invalid use of 'this' outside of a non-static member function
    --this->_M_impl._M_finish;
      ^
bresenham.cpp:50:7: error: invalid use of 'this' outside of a non-static member function
    ++this->_M_impl._M_finish;
      ^
fatal error: too many errors emitted, stopping now [-ferror-limit=]
1 warning and 20 errors generated.
Makefile:2: recipe for target 'prog' failed
make: *** [prog] Error 1
