
Notice: A non well formed numeric value encountered in /root/project/prophet-gpl/build/php-case-efcb9a71/php-efcb9a71-workdir/src/run-tests.php on line 759

Notice: A non well formed numeric value encountered in /root/project/prophet-gpl/build/php-case-efcb9a71/php-efcb9a71-workdir/src/run-tests.php on line 760

Notice: A non well formed numeric value encountered in /root/project/prophet-gpl/build/php-case-efcb9a71/php-efcb9a71-workdir/src/run-tests.php on line 760

Notice: A non well formed numeric value encountered in /root/project/prophet-gpl/build/php-case-efcb9a71/php-efcb9a71-workdir/src/run-tests.php on line 760

Notice: A non well formed numeric value encountered in /root/project/prophet-gpl/build/php-case-efcb9a71/php-efcb9a71-workdir/src/run-tests.php on line 2143

Notice: A non well formed numeric value encountered in /root/project/prophet-gpl/build/php-case-efcb9a71/php-efcb9a71-workdir/src/run-tests.php on line 2143

Notice: A non well formed numeric value encountered in /root/project/prophet-gpl/build/php-case-efcb9a71/php-efcb9a71-workdir/src/run-tests.php on line 2143

Notice: A non well formed numeric value encountered in /root/project/prophet-gpl/build/php-case-efcb9a71/php-efcb9a71-workdir/src/run-tests.php on line 2143

Notice: A non well formed numeric value encountered in /root/project/prophet-gpl/build/php-case-efcb9a71/php-efcb9a71-workdir/src/run-tests.php on line 2143

Notice: A non well formed numeric value encountered in /root/project/prophet-gpl/build/php-case-efcb9a71/php-efcb9a71-workdir/src/run-tests.php on line 2143

Notice: A non well formed numeric value encountered in /root/project/prophet-gpl/build/php-case-efcb9a71/php-efcb9a71-workdir/src/run-tests.php on line 2143

Notice: A non well formed numeric value encountered in /root/project/prophet-gpl/build/php-case-efcb9a71/php-efcb9a71-workdir/src/run-tests.php on line 2143

Notice: A non well formed numeric value encountered in /root/project/prophet-gpl/build/php-case-efcb9a71/php-efcb9a71-workdir/src/run-tests.php on line 2143

Notice: A non well formed numeric value encountered in /root/project/prophet-gpl/build/php-case-efcb9a71/php-efcb9a71-workdir/src/run-tests.php on line 2143

Notice: A non well formed numeric value encountered in /root/project/prophet-gpl/build/php-case-efcb9a71/php-efcb9a71-workdir/src/run-tests.php on line 2143

Notice: A non well formed numeric value encountered in /root/project/prophet-gpl/build/php-case-efcb9a71/php-efcb9a71-workdir/src/run-tests.php on line 2143

Notice: A non well formed numeric value encountered in /root/project/prophet-gpl/build/php-case-efcb9a71/php-efcb9a71-workdir/src/run-tests.php on line 2143

Notice: A non well formed numeric value encountered in /root/project/prophet-gpl/build/php-case-efcb9a71/php-efcb9a71-workdir/src/run-tests.php on line 2143

Notice: A non well formed numeric value encountered in /root/project/prophet-gpl/build/php-case-efcb9a71/php-efcb9a71-workdir/src/run-tests.php on line 2143

Notice: A non well formed numeric value encountered in /root/project/prophet-gpl/build/php-case-efcb9a71/php-efcb9a71-workdir/src/run-tests.php on line 2143

Notice: A non well formed numeric value encountered in /root/project/prophet-gpl/build/php-case-efcb9a71/php-efcb9a71-workdir/src/run-tests.php on line 2143

Notice: A non well formed numeric value encountered in /root/project/prophet-gpl/build/php-case-efcb9a71/php-efcb9a71-workdir/src/run-tests.php on line 2143

Notice: A non well formed numeric value encountered in /root/project/prophet-gpl/build/php-case-efcb9a71/php-efcb9a71-workdir/src/run-tests.php on line 2143

Notice: A non well formed numeric value encountered in /root/project/prophet-gpl/build/php-case-efcb9a71/php-efcb9a71-workdir/src/run-tests.php on line 2143

Notice: A non well formed numeric value encountered in /root/project/prophet-gpl/build/php-case-efcb9a71/php-efcb9a71-workdir/src/run-tests.php on line 2143

Notice: A non well formed numeric value encountered in /root/project/prophet-gpl/build/php-case-efcb9a71/php-efcb9a71-workdir/src/run-tests.php on line 2143

Notice: A non well formed numeric value encountered in /root/project/prophet-gpl/build/php-case-efcb9a71/php-efcb9a71-workdir/src/run-tests.php on line 2143

Notice: A non well formed numeric value encountered in /root/project/prophet-gpl/build/php-case-efcb9a71/php-efcb9a71-workdir/src/run-tests.php on line 2143

Notice: A non well formed numeric value encountered in /root/project/prophet-gpl/build/php-case-efcb9a71/php-efcb9a71-workdir/src/run-tests.php on line 2143

Notice: A non well formed numeric value encountered in /root/project/prophet-gpl/build/php-case-efcb9a71/php-efcb9a71-workdir/src/run-tests.php on line 2162

Notice: A non well formed numeric value encountered in /root/project/prophet-gpl/build/php-case-efcb9a71/php-efcb9a71-workdir/src/run-tests.php on line 0

Notice: A non well formed numeric value encountered in /root/project/prophet-gpl/build/php-case-efcb9a71/php-efcb9a71-workdir/src/run-tests.php on line 263

Notice: A non well formed numeric value encountered in /root/project/prophet-gpl/build/php-case-efcb9a71/php-efcb9a71-workdir/src/run-tests.php on line 2192

Notice: A non well formed numeric value encountered in /root/project/prophet-gpl/build/php-case-efcb9a71/php-efcb9a71-workdir/src/run-tests.php on line 280

Notice: A non well formed numeric value encountered in /root/project/prophet-gpl/build/php-case-efcb9a71/php-efcb9a71-workdir/src/run-tests.php on line 280

Notice: A non well formed numeric value encountered in /root/project/prophet-gpl/build/php-case-efcb9a71/php-efcb9a71-workdir/src/run-tests.php on line 291

Notice: A non well formed numeric value encountered in /root/project/prophet-gpl/build/php-case-efcb9a71/php-efcb9a71-workdir/src/run-tests.php on line 292

Notice: A non well formed numeric value encountered in /root/project/prophet-gpl/build/php-case-efcb9a71/php-efcb9a71-workdir/src/run-tests.php on line 292

Notice: A non well formed numeric value encountered in /root/project/prophet-gpl/build/php-case-efcb9a71/php-efcb9a71-workdir/src/run-tests.php on line 292

Notice: A non well formed numeric value encountered in /root/project/prophet-gpl/build/php-case-efcb9a71/php-efcb9a71-workdir/src/run-tests.php on line 292

Notice: A non well formed numeric value encountered in /root/project/prophet-gpl/build/php-case-efcb9a71/php-efcb9a71-workdir/src/run-tests.php on line 291

Notice: A non well formed numeric value encountered in /root/project/prophet-gpl/build/php-case-efcb9a71/php-efcb9a71-workdir/src/run-tests.php on line 291

Notice: A non well formed numeric value encountered in /root/project/prophet-gpl/build/php-case-efcb9a71/php-efcb9a71-workdir/src/run-tests.php on line 291

Notice: A non well formed numeric value encountered in /root/project/prophet-gpl/build/php-case-efcb9a71/php-efcb9a71-workdir/src/run-tests.php on line 291

=====================================================================
PHP         : ./sapi/cli/php 
PHP_SAPI    : cli
PHP_VERSION : 5.3.99-dev
ZEND_VERSION: 2.4.0
PHP_OS      : Linux - Linux e7b4c2dae444 4.15.0-128-generic #131-Ubuntu SMP Wed Dec 9 06:57:35 UTC 2020 x86_64
INI actual  : /root/project/prophet-gpl/build/php-case-efcb9a71/php-efcb9a71-workdir/src
More .INIs  : 
Notice: A non well formed numeric value encountered in Unknown on line 0

Notice: A non well formed numeric value encountered in Unknown on line 0

Notice: A non well formed numeric value encountered in Unknown on line 0

Notice: A non well formed numeric value encountered in Unknown on line 0

Notice: A non well formed numeric value encountered in Unknown on line 0

Notice: A non well formed numeric value encountered in Unknown on line 0

Notice: A non well formed numeric value encountered in Unknown on line 0
 
CWD         : /root/project/prophet-gpl/build/php-case-efcb9a71/php-efcb9a71-workdir/src
Extra dirs  : 
VALGRIND    : Not used
=====================================================================

Notice: A non well formed numeric value encountered in /root/project/prophet-gpl/build/php-case-efcb9a71/php-efcb9a71-workdir/src/run-tests.php on line 768

Notice: A non well formed numeric value encountered in /root/project/prophet-gpl/build/php-case-efcb9a71/php-efcb9a71-workdir/src/run-tests.php on line 768

Notice: A non well formed numeric value encountered in /root/project/prophet-gpl/build/php-case-efcb9a71/php-efcb9a71-workdir/src/run-tests.php on line 768

Notice: A non well formed numeric value encountered in /root/project/prophet-gpl/build/php-case-efcb9a71/php-efcb9a71-workdir/src/run-tests.php on line 768

Notice: A non well formed numeric value encountered in /root/project/prophet-gpl/build/php-case-efcb9a71/php-efcb9a71-workdir/src/run-tests.php on line 768

Notice: A non well formed numeric value encountered in /root/project/prophet-gpl/build/php-case-efcb9a71/php-efcb9a71-workdir/src/run-tests.php on line 768
Running selected tests.

Notice: A non well formed numeric value encountered in /root/project/prophet-gpl/build/php-case-efcb9a71/php-efcb9a71-workdir/src/run-tests.php on line 1217

Notice: A non well formed numeric value encountered in /root/project/prophet-gpl/build/php-case-efcb9a71/php-efcb9a71-workdir/src/run-tests.php on line 1217

Notice: A non well formed numeric value encountered in /root/project/prophet-gpl/build/php-case-efcb9a71/php-efcb9a71-workdir/src/run-tests.php on line 1217

Notice: A non well formed numeric value encountered in /root/project/prophet-gpl/build/php-case-efcb9a71/php-efcb9a71-workdir/src/run-tests.php on line 1217

Notice: A non well formed numeric value encountered in /root/project/prophet-gpl/build/php-case-efcb9a71/php-efcb9a71-workdir/src/run-tests.php on line 1217

Notice: A non well formed numeric value encountered in /root/project/prophet-gpl/build/php-case-efcb9a71/php-efcb9a71-workdir/src/run-tests.php on line 1217

Notice: A non well formed numeric value encountered in /root/project/prophet-gpl/build/php-case-efcb9a71/php-efcb9a71-workdir/src/run-tests.php on line 1217

Notice: A non well formed numeric value encountered in /root/project/prophet-gpl/build/php-case-efcb9a71/php-efcb9a71-workdir/src/run-tests.php on line 1217

Notice: A non well formed numeric value encountered in /root/project/prophet-gpl/build/php-case-efcb9a71/php-efcb9a71-workdir/src/run-tests.php on line 1217

Notice: A non well formed numeric value encountered in /root/project/prophet-gpl/build/php-case-efcb9a71/php-efcb9a71-workdir/src/run-tests.php on line 1217

Notice: A non well formed numeric value encountered in /root/project/prophet-gpl/build/php-case-efcb9a71/php-efcb9a71-workdir/src/run-tests.php on line 1217

Notice: A non well formed numeric value encountered in /root/project/prophet-gpl/build/php-case-efcb9a71/php-efcb9a71-workdir/src/run-tests.php on line 1217

Notice: A non well formed numeric value encountered in /root/project/prophet-gpl/build/php-case-efcb9a71/php-efcb9a71-workdir/src/run-tests.php on line 1217

Notice: A non well formed numeric value encountered in /root/project/prophet-gpl/build/php-case-efcb9a71/php-efcb9a71-workdir/src/run-tests.php on line 1217

Notice: A non well formed numeric value encountered in /root/project/prophet-gpl/build/php-case-efcb9a71/php-efcb9a71-workdir/src/run-tests.php on line 1217

Notice: A non well formed numeric value encountered in /root/project/prophet-gpl/build/php-case-efcb9a71/php-efcb9a71-workdir/src/run-tests.php on line 1217

Notice: A non well formed numeric value encountered in /root/project/prophet-gpl/build/php-case-efcb9a71/php-efcb9a71-workdir/src/run-tests.php on line 1217

Notice: A non well formed numeric value encountered in /root/project/prophet-gpl/build/php-case-efcb9a71/php-efcb9a71-workdir/src/run-tests.php on line 1217

Notice: A non well formed numeric value encountered in /root/project/prophet-gpl/build/php-case-efcb9a71/php-efcb9a71-workdir/src/run-tests.php on line 1217

Notice: A non well formed numeric value encountered in /root/project/prophet-gpl/build/php-case-efcb9a71/php-efcb9a71-workdir/src/run-tests.php on line 1217

Notice: A non well formed numeric value encountered in /root/project/prophet-gpl/build/php-case-efcb9a71/php-efcb9a71-workdir/src/run-tests.php on line 1217

Notice: A non well formed numeric value encountered in /root/project/prophet-gpl/build/php-case-efcb9a71/php-efcb9a71-workdir/src/run-tests.php on line 1217

Notice: A non well formed numeric value encountered in /root/project/prophet-gpl/build/php-case-efcb9a71/php-efcb9a71-workdir/src/run-tests.php on line 1217

Notice: A non well formed numeric value encountered in /root/project/prophet-gpl/build/php-case-efcb9a71/php-efcb9a71-workdir/src/run-tests.php on line 1217

Notice: A non well formed numeric value encountered in /root/project/prophet-gpl/build/php-case-efcb9a71/php-efcb9a71-workdir/src/run-tests.php on line 1217

Notice: A non well formed numeric value encountered in /root/project/prophet-gpl/build/php-case-efcb9a71/php-efcb9a71-workdir/src/run-tests.php on line 1217

Notice: A non well formed numeric value encountered in /root/project/prophet-gpl/build/php-case-efcb9a71/php-efcb9a71-workdir/src/run-tests.php on line 1217

Notice: A non well formed numeric value encountered in /root/project/prophet-gpl/build/php-case-efcb9a71/php-efcb9a71-workdir/src/run-tests.php on line 1217

Notice: A non well formed numeric value encountered in /root/project/prophet-gpl/build/php-case-efcb9a71/php-efcb9a71-workdir/src/run-tests.php on line 1217

Notice: A non well formed numeric value encountered in /root/project/prophet-gpl/build/php-case-efcb9a71/php-efcb9a71-workdir/src/run-tests.php on line 1217

Notice: A non well formed numeric value encountered in /root/project/prophet-gpl/build/php-case-efcb9a71/php-efcb9a71-workdir/src/run-tests.php on line 1217

Notice: A non well formed numeric value encountered in /root/project/prophet-gpl/build/php-case-efcb9a71/php-efcb9a71-workdir/src/run-tests.php on line 1217

Notice: A non well formed numeric value encountered in /root/project/prophet-gpl/build/php-case-efcb9a71/php-efcb9a71-workdir/src/run-tests.php on line 1217

Notice: A non well formed numeric value encountered in /root/project/prophet-gpl/build/php-case-efcb9a71/php-efcb9a71-workdir/src/run-tests.php on line 1217

Notice: A non well formed numeric value encountered in /root/project/prophet-gpl/build/php-case-efcb9a71/php-efcb9a71-workdir/src/run-tests.php on line 1217

Notice: A non well formed numeric value encountered in /root/project/prophet-gpl/build/php-case-efcb9a71/php-efcb9a71-workdir/src/run-tests.php on line 1217

Notice: A non well formed numeric value encountered in /root/project/prophet-gpl/build/php-case-efcb9a71/php-efcb9a71-workdir/src/run-tests.php on line 1217

Notice: A non well formed numeric value encountered in /root/project/prophet-gpl/build/php-case-efcb9a71/php-efcb9a71-workdir/src/run-tests.php on line 1217

Notice: A non well formed numeric value encountered in /root/project/prophet-gpl/build/php-case-efcb9a71/php-efcb9a71-workdir/src/run-tests.php on line 1217

Notice: A non well formed numeric value encountered in /root/project/prophet-gpl/build/php-case-efcb9a71/php-efcb9a71-workdir/src/run-tests.php on line 1217

Notice: A non well formed numeric value encountered in /root/project/prophet-gpl/build/php-case-efcb9a71/php-efcb9a71-workdir/src/run-tests.php on line 1217

Notice: A non well formed numeric value encountered in /root/project/prophet-gpl/build/php-case-efcb9a71/php-efcb9a71-workdir/src/run-tests.php on line 1217

Notice: A non well formed numeric value encountered in /root/project/prophet-gpl/build/php-case-efcb9a71/php-efcb9a71-workdir/src/run-tests.php on line 1217

Notice: A non well formed numeric value encountered in /root/project/prophet-gpl/build/php-case-efcb9a71/php-efcb9a71-workdir/src/run-tests.php on line 1217

Notice: A non well formed numeric value encountered in /root/project/prophet-gpl/build/php-case-efcb9a71/php-efcb9a71-workdir/src/run-tests.php on line 1217

Notice: A non well formed numeric value encountered in /root/project/prophet-gpl/build/php-case-efcb9a71/php-efcb9a71-workdir/src/run-tests.php on line 1217

Notice: A non well formed numeric value encountered in /root/project/prophet-gpl/build/php-case-efcb9a71/php-efcb9a71-workdir/src/run-tests.php on line 1217

Notice: A non well formed numeric value encountered in /root/project/prophet-gpl/build/php-case-efcb9a71/php-efcb9a71-workdir/src/run-tests.php on line 1217

Notice: A non well formed numeric value encountered in /root/project/prophet-gpl/build/php-case-efcb9a71/php-efcb9a71-workdir/src/run-tests.php on line 1217

Notice: A non well formed numeric value encountered in /root/project/prophet-gpl/build/php-case-efcb9a71/php-efcb9a71-workdir/src/run-tests.php on line 1217

Notice: A non well formed numeric value encountered in /root/project/prophet-gpl/build/php-case-efcb9a71/php-efcb9a71-workdir/src/run-tests.php on line 1217

Notice: A non well formed numeric value encountered in /root/project/prophet-gpl/build/php-case-efcb9a71/php-efcb9a71-workdir/src/run-tests.php on line 1217

Notice: A non well formed numeric value encountered in /root/project/prophet-gpl/build/php-case-efcb9a71/php-efcb9a71-workdir/src/run-tests.php on line 1217

Notice: A non well formed numeric value encountered in /root/project/prophet-gpl/build/php-case-efcb9a71/php-efcb9a71-workdir/src/run-tests.php on line 1217

Notice: A non well formed numeric value encountered in /root/project/prophet-gpl/build/php-case-efcb9a71/php-efcb9a71-workdir/src/run-tests.php on line 1217

Notice: A non well formed numeric value encountered in /root/project/prophet-gpl/build/php-case-efcb9a71/php-efcb9a71-workdir/src/run-tests.php on line 1217
TEST 1/1 [/root/project/prophet-gpl/build/php-case-efcb9a71/php-efcb9a71-workdir/__cleantests/01442.phpt]
Notice: A non well formed numeric value encountered in /root/project/prophet-gpl/build/php-case-efcb9a71/php-efcb9a71-workdir/src/run-tests.php on line 2143

Notice: A non well formed numeric value encountered in /root/project/prophet-gpl/build/php-case-efcb9a71/php-efcb9a71-workdir/src/run-tests.php on line 2143

Notice: A non well formed numeric value encountered in /root/project/prophet-gpl/build/php-case-efcb9a71/php-efcb9a71-workdir/src/run-tests.php on line 2143

Notice: A non well formed numeric value encountered in /root/project/prophet-gpl/build/php-case-efcb9a71/php-efcb9a71-workdir/src/run-tests.php on line 2143

Notice: A non well formed numeric value encountered in /root/project/prophet-gpl/build/php-case-efcb9a71/php-efcb9a71-workdir/src/run-tests.php on line 2143

Notice: A non well formed numeric value encountered in /root/project/prophet-gpl/build/php-case-efcb9a71/php-efcb9a71-workdir/src/run-tests.php on line 2143

Notice: A non well formed numeric value encountered in /root/project/prophet-gpl/build/php-case-efcb9a71/php-efcb9a71-workdir/src/run-tests.php on line 2143

Notice: A non well formed numeric value encountered in /root/project/prophet-gpl/build/php-case-efcb9a71/php-efcb9a71-workdir/src/run-tests.php on line 2143

Notice: A non well formed numeric value encountered in /root/project/prophet-gpl/build/php-case-efcb9a71/php-efcb9a71-workdir/src/run-tests.php on line 2143

Notice: A non well formed numeric value encountered in /root/project/prophet-gpl/build/php-case-efcb9a71/php-efcb9a71-workdir/src/run-tests.php on line 2143

Notice: A non well formed numeric value encountered in /root/project/prophet-gpl/build/php-case-efcb9a71/php-efcb9a71-workdir/src/run-tests.php on line 2143

Notice: A non well formed numeric value encountered in /root/project/prophet-gpl/build/php-case-efcb9a71/php-efcb9a71-workdir/src/run-tests.php on line 2143

Notice: A non well formed numeric value encountered in /root/project/prophet-gpl/build/php-case-efcb9a71/php-efcb9a71-workdir/src/run-tests.php on line 2143

Notice: A non well formed numeric value encountered in /root/project/prophet-gpl/build/php-case-efcb9a71/php-efcb9a71-workdir/src/run-tests.php on line 2143

Notice: A non well formed numeric value encountered in /root/project/prophet-gpl/build/php-case-efcb9a71/php-efcb9a71-workdir/src/run-tests.php on line 2143

Notice: A non well formed numeric value encountered in /root/project/prophet-gpl/build/php-case-efcb9a71/php-efcb9a71-workdir/src/run-tests.php on line 2143

Notice: A non well formed numeric value encountered in /root/project/prophet-gpl/build/php-case-efcb9a71/php-efcb9a71-workdir/src/run-tests.php on line 2143

Notice: A non well formed numeric value encountered in /root/project/prophet-gpl/build/php-case-efcb9a71/php-efcb9a71-workdir/src/run-tests.php on line 2143

Notice: A non well formed numeric value encountered in /root/project/prophet-gpl/build/php-case-efcb9a71/php-efcb9a71-workdir/src/run-tests.php on line 2143

Notice: A non well formed numeric value encountered in /root/project/prophet-gpl/build/php-case-efcb9a71/php-efcb9a71-workdir/src/run-tests.php on line 2143

Notice: A non well formed numeric value encountered in /root/project/prophet-gpl/build/php-case-efcb9a71/php-efcb9a71-workdir/src/run-tests.php on line 2143

Notice: A non well formed numeric value encountered in /root/project/prophet-gpl/build/php-case-efcb9a71/php-efcb9a71-workdir/src/run-tests.php on line 2143

Notice: A non well formed numeric value encountered in /root/project/prophet-gpl/build/php-case-efcb9a71/php-efcb9a71-workdir/src/run-tests.php on line 2143

Notice: A non well formed numeric value encountered in /root/project/prophet-gpl/build/php-case-efcb9a71/php-efcb9a71-workdir/src/run-tests.php on line 2143

Notice: A non well formed numeric value encountered in /root/project/prophet-gpl/build/php-case-efcb9a71/php-efcb9a71-workdir/src/run-tests.php on line 2143

Notice: A non well formed numeric value encountered in /root/project/prophet-gpl/build/php-case-efcb9a71/php-efcb9a71-workdir/src/run-tests.php on line 2143

Notice: A non well formed numeric value encountered in /root/project/prophet-gpl/build/php-case-efcb9a71/php-efcb9a71-workdir/src/run-tests.php on line 2162

Notice: A non well formed numeric value encountered in /root/project/prophet-gpl/build/php-case-efcb9a71/php-efcb9a71-workdir/src/run-tests.php on line 0

Notice: A non well formed numeric value encountered in /root/project/prophet-gpl/build/php-case-efcb9a71/php-efcb9a71-workdir/src/run-tests.php on line 1437

Notice: A non well formed numeric value encountered in /root/project/prophet-gpl/build/php-case-efcb9a71/php-efcb9a71-workdir/src/run-tests.php on line 2192

Notice: A non well formed numeric value encountered in /root/project/prophet-gpl/build/php-case-efcb9a71/php-efcb9a71-workdir/src/run-tests.php on line 1038

Notice: A non well formed numeric value encountered in /root/project/prophet-gpl/build/php-case-efcb9a71/php-efcb9a71-workdir/src/run-tests.php on line 1044

Notice: A non well formed numeric value encountered in /root/project/prophet-gpl/build/php-case-efcb9a71/php-efcb9a71-workdir/src/run-tests.php on line 1044

Notice: A non well formed numeric value encountered in /root/project/prophet-gpl/build/php-case-efcb9a71/php-efcb9a71-workdir/src/run-tests.php on line 1044

Notice: A non well formed numeric value encountered in /root/project/prophet-gpl/build/php-case-efcb9a71/php-efcb9a71-workdir/src/run-tests.php on line 1044

Notice: A non well formed numeric value encountered in /root/project/prophet-gpl/build/php-case-efcb9a71/php-efcb9a71-workdir/src/run-tests.php on line 1044

Notice: A non well formed numeric value encountered in /root/project/prophet-gpl/build/php-case-efcb9a71/php-efcb9a71-workdir/src/run-tests.php on line 1059

Notice: A non well formed numeric value encountered in /root/project/prophet-gpl/build/php-case-efcb9a71/php-efcb9a71-workdir/src/run-tests.php on line 1059

Notice: A non well formed numeric value encountered in /root/project/prophet-gpl/build/php-case-efcb9a71/php-efcb9a71-workdir/src/run-tests.php on line 1059

Notice: A non well formed numeric value encountered in /root/project/prophet-gpl/build/php-case-efcb9a71/php-efcb9a71-workdir/src/run-tests.php on line 1059

Notice: A non well formed numeric value encountered in /root/project/prophet-gpl/build/php-case-efcb9a71/php-efcb9a71-workdir/src/run-tests.php on line 1059

Notice: A non well formed numeric value encountered in /root/project/prophet-gpl/build/php-case-efcb9a71/php-efcb9a71-workdir/src/run-tests.php on line 1059

Notice: A non well formed numeric value encountered in /root/project/prophet-gpl/build/php-case-efcb9a71/php-efcb9a71-workdir/src/run-tests.php on line 1059

Notice: A non well formed numeric value encountered in /root/project/prophet-gpl/build/php-case-efcb9a71/php-efcb9a71-workdir/src/run-tests.php on line 1059

Notice: A non well formed numeric value encountered in /root/project/prophet-gpl/build/php-case-efcb9a71/php-efcb9a71-workdir/src/run-tests.php on line 1059

Notice: A non well formed numeric value encountered in /root/project/prophet-gpl/build/php-case-efcb9a71/php-efcb9a71-workdir/src/run-tests.php on line 1059

Notice: A non well formed numeric value encountered in /root/project/prophet-gpl/build/php-case-efcb9a71/php-efcb9a71-workdir/src/run-tests.php on line 1059

Notice: A non well formed numeric value encountered in /root/project/prophet-gpl/build/php-case-efcb9a71/php-efcb9a71-workdir/src/run-tests.php on line 1059

Notice: A non well formed numeric value encountered in /root/project/prophet-gpl/build/php-case-efcb9a71/php-efcb9a71-workdir/src/run-tests.php on line 1059

Notice: A non well formed numeric value encountered in /root/project/prophet-gpl/build/php-case-efcb9a71/php-efcb9a71-workdir/src/run-tests.php on line 1059

Notice: A non well formed numeric value encountered in /root/project/prophet-gpl/build/php-case-efcb9a71/php-efcb9a71-workdir/src/run-tests.php on line 1059

Notice: A non well formed numeric value encountered in /root/project/prophet-gpl/build/php-case-efcb9a71/php-efcb9a71-workdir/src/run-tests.php on line 1059

Notice: A non well formed numeric value encountered in /root/project/prophet-gpl/build/php-case-efcb9a71/php-efcb9a71-workdir/src/run-tests.php on line 1059

Notice: A non well formed numeric value encountered in /root/project/prophet-gpl/build/php-case-efcb9a71/php-efcb9a71-workdir/src/run-tests.php on line 1059

Notice: A non well formed numeric value encountered in /root/project/prophet-gpl/build/php-case-efcb9a71/php-efcb9a71-workdir/src/run-tests.php on line 1059

Notice: A non well formed numeric value encountered in /root/project/prophet-gpl/build/php-case-efcb9a71/php-efcb9a71-workdir/src/run-tests.php on line 1059

Notice: A non well formed numeric value encountered in /root/project/prophet-gpl/build/php-case-efcb9a71/php-efcb9a71-workdir/src/run-tests.php on line 1059

Notice: A non well formed numeric value encountered in /root/project/prophet-gpl/build/php-case-efcb9a71/php-efcb9a71-workdir/src/run-tests.php on line 1690

Notice: A non well formed numeric value encountered in /root/project/prophet-gpl/build/php-case-efcb9a71/php-efcb9a71-workdir/src/run-tests.php on line 1690

Notice: A non well formed numeric value encountered in /root/project/prophet-gpl/build/php-case-efcb9a71/php-efcb9a71-workdir/src/run-tests.php on line 1690

Notice: A non well formed numeric value encountered in /root/project/prophet-gpl/build/php-case-efcb9a71/php-efcb9a71-workdir/src/run-tests.php on line 1690

Notice: A non well formed numeric value encountered in /root/project/prophet-gpl/build/php-case-efcb9a71/php-efcb9a71-workdir/src/run-tests.php on line 2130

Notice: A non well formed numeric value encountered in /root/project/prophet-gpl/build/php-case-efcb9a71/php-efcb9a71-workdir/src/run-tests.php on line 2130

Notice: A non well formed numeric value encountered in /root/project/prophet-gpl/build/php-case-efcb9a71/php-efcb9a71-workdir/src/run-tests.php on line 0

Notice: A non well formed numeric value encountered in /root/project/prophet-gpl/build/php-case-efcb9a71/php-efcb9a71-workdir/src/run-tests.php on line 0

Notice: A non well formed numeric value encountered in /root/project/prophet-gpl/build/php-case-efcb9a71/php-efcb9a71-workdir/src/run-tests.php on line 0

Notice: A non well formed numeric value encountered in /root/project/prophet-gpl/build/php-case-efcb9a71/php-efcb9a71-workdir/src/run-tests.php on line 0
FAIL Bug #54039 (use() of static variables in lambda functions can break staticness) [/root/project/prophet-gpl/build/php-case-efcb9a71/php-efcb9a71-workdir/__cleantests/01442.phpt] 

Notice: A non well formed numeric value encountered in /root/project/prophet-gpl/build/php-case-efcb9a71/php-efcb9a71-workdir/src/run-tests.php on line 1110

Notice: A non well formed numeric value encountered in /root/project/prophet-gpl/build/php-case-efcb9a71/php-efcb9a71-workdir/src/run-tests.php on line 1110

Notice: A non well formed numeric value encountered in /root/project/prophet-gpl/build/php-case-efcb9a71/php-efcb9a71-workdir/src/run-tests.php on line 1110

Notice: A non well formed numeric value encountered in /root/project/prophet-gpl/build/php-case-efcb9a71/php-efcb9a71-workdir/src/run-tests.php on line 1110

Notice: A non well formed numeric value encountered in /root/project/prophet-gpl/build/php-case-efcb9a71/php-efcb9a71-workdir/src/run-tests.php on line 1118

Notice: A non well formed numeric value encountered in /root/project/prophet-gpl/build/php-case-efcb9a71/php-efcb9a71-workdir/src/run-tests.php on line 779

Notice: A non well formed numeric value encountered in /root/project/prophet-gpl/build/php-case-efcb9a71/php-efcb9a71-workdir/src/run-tests.php on line 2199

Notice: A non well formed numeric value encountered in /root/project/prophet-gpl/build/php-case-efcb9a71/php-efcb9a71-workdir/src/run-tests.php on line 2218

Notice: A non well formed numeric value encountered in /root/project/prophet-gpl/build/php-case-efcb9a71/php-efcb9a71-workdir/src/run-tests.php on line 2218

Notice: A non well formed numeric value encountered in /root/project/prophet-gpl/build/php-case-efcb9a71/php-efcb9a71-workdir/src/run-tests.php on line 2218

Notice: A non well formed numeric value encountered in /root/project/prophet-gpl/build/php-case-efcb9a71/php-efcb9a71-workdir/src/run-tests.php on line 2218

Notice: A non well formed numeric value encountered in /root/project/prophet-gpl/build/php-case-efcb9a71/php-efcb9a71-workdir/src/run-tests.php on line 2218

Notice: A non well formed numeric value encountered in /root/project/prophet-gpl/build/php-case-efcb9a71/php-efcb9a71-workdir/src/run-tests.php on line 2218

Notice: A non well formed numeric value encountered in /root/project/prophet-gpl/build/php-case-efcb9a71/php-efcb9a71-workdir/src/run-tests.php on line 2218
=====================================================================
Number of tests :    1                 1
Tests skipped   :    0 (  0.0%) --------
Tests warned    :    0 (  0.0%) (  0.0%)
Tests failed    :    1 (100.0%) (100.0%)
Expected fail   :    0 (  0.0%) (  0.0%)
Tests passed    :    0 (  0.0%) (  0.0%)
---------------------------------------------------------------------
Time taken      :    0 seconds
=====================================================================

=====================================================================
FAILED TEST SUMMARY
---------------------------------------------------------------------
Bug #54039 (use() of static variables in lambda functions can break staticness) [/root/project/prophet-gpl/build/php-case-efcb9a71/php-efcb9a71-workdir/__cleantests/01442.phpt]
=====================================================================

Notice: A non well formed numeric value encountered in Unknown on line 0

Notice: A non well formed numeric value encountered in Unknown on line 0

Notice: A non well formed numeric value encountered in Unknown on line 0

Notice: A non well formed numeric value encountered in Unknown on line 0

Notice: A non well formed numeric value encountered in Unknown on line 0

Notice: A non well formed numeric value encountered in Unknown on line 0

Notice: A non well formed numeric value encountered in Unknown on line 0

Notice: A non well formed numeric value encountered in Unknown on line 0

Notice: A non well formed numeric value encountered in Unknown on line 0

Notice: A non well formed numeric value encountered in Unknown on line 0

Notice: A non well formed numeric value encountered in Unknown on line 0

Notice: A non well formed numeric value encountered in Unknown on line 0

Notice: A non well formed numeric value encountered in Unknown on line 0

Notice: A non well formed numeric value encountered in Unknown on line 0

Notice: A non well formed numeric value encountered in Unknown on line 0

Notice: A non well formed numeric value encountered in Unknown on line 0

Notice: A non well formed numeric value encountered in Unknown on line 0

Notice: A non well formed numeric value encountered in Unknown on line 0

Notice: A non well formed numeric value encountered in Unknown on line 0

Notice: A non well formed numeric value encountered in Unknown on line 0

Notice: A non well formed numeric value encountered in Unknown on line 0

Notice: A non well formed numeric value encountered in Unknown on line 0

Notice: A non well formed numeric value encountered in Unknown on line 0

Notice: A non well formed numeric value encountered in Unknown on line 0

Notice: A non well formed numeric value encountered in Unknown on line 0

Notice: A non well formed numeric value encountered in Unknown on line 0

Notice: A non well formed numeric value encountered in Unknown on line 0

Notice: A non well formed numeric value encountered in Unknown on line 0

Notice: A non well formed numeric value encountered in Unknown on line 0

Notice: A non well formed numeric value encountered in Unknown on line 0
