../../../../wrap/gcc -c test.c  -o test.o
clang-11: warning: treating 'c' input as 'c++' when in C++ mode, this behavior is deprecated [-Wdeprecated]
wrap/tclang
../../../../wrap/gcc test.o  -o prog
wrap/tclang
../../../../wrap/gcc -c test.c  -o test.o
clang-11: warning: treating 'c' input as 'c++' when in C++ mode, this behavior is deprecated [-Wdeprecated]
wrap/tclang
../../../../wrap/gcc test.o  -o prog
wrap/tclang
clang-11: warning: treating 'c' input as 'c++' when in C++ mode, this behavior is deprecated [-Wdeprecated]
simple-build
Path env:  /usr/local/sbin:/usr/local/bin:/usr/sbin:/usr/bin:/sbin:/bin
../../../../wrap/gcc -c test.c  -o test.o
wrap/tclang
../../../../wrap/gcc test.o  -o prog
wrap/tclang
../../../../wrap/gcc -c test.c -D COMPILE_0 -D COMPILE_1 -D COMPILE_2 -D COMPILE_3 -D COMPILE_4 -D COMPILE_5 -D COMPILE_6 -D COMPILE_7 -D COMPILE_8 -D COMPILE_9 -D COMPILE_10 -D COMPILE_11 -D COMPILE_12 -D COMPILE_13 -D COMPILE_14 -D COMPILE_15 -D COMPILE_16 -D COMPILE_17 -D COMPILE_18 -D COMPILE_19 -D COMPILE_20 -D COMPILE_21 -D COMPILE_22 -D COMPILE_23 -D COMPILE_24 -D COMPILE_25 -D COMPILE_26 -D COMPILE_27 -D COMPILE_28 -D COMPILE_29 -D COMPILE_30 -D COMPILE_31 -D COMPILE_32 -D COMPILE_33 -D COMPILE_34 -D COMPILE_35 -D COMPILE_36 -D COMPILE_37 -D COMPILE_38 -D COMPILE_39 -D COMPILE_40 -D COMPILE_41 -D COMPILE_42 -D COMPILE_43 -D COMPILE_44 -D COMPILE_45 -D COMPILE_46 -D COMPILE_47 -D COMPILE_48 -D COMPILE_49 -D COMPILE_50 -D COMPILE_51 -D COMPILE_52 -D COMPILE_53 -D COMPILE_54 -D COMPILE_55 -D COMPILE_56 -D COMPILE_57 -D COMPILE_58 -D COMPILE_59 -D COMPILE_60 -D COMPILE_61 -D COMPILE_62 -D COMPILE_63 -D COMPILE_64 -D COMPILE_65 -D COMPILE_66 -D COMPILE_67 -D COMPILE_68 -D COMPILE_69 -D COMPILE_70 -D COMPILE_71 -D COMPILE_72 -D COMPILE_73 -D COMPILE_74 -D COMPILE_75 -D COMPILE_76 -D COMPILE_77 -D COMPILE_78 -D COMPILE_79 -D COMPILE_80 -D COMPILE_81 -D COMPILE_82 -D COMPILE_83 -D COMPILE_84 -D COMPILE_85 -D COMPILE_86 -D COMPILE_87 -D COMPILE_88 -D COMPILE_89 -D COMPILE_90 -D COMPILE_91 -D COMPILE_92 -D COMPILE_93 -D COMPILE_94 -D COMPILE_95 -D COMPILE_96 -D COMPILE_97 -D COMPILE_98 -D COMPILE_99 -D COMPILE_100 -D COMPILE_101 -D COMPILE_102 -D COMPILE_103 -D COMPILE_104 -D COMPILE_105 -D COMPILE_106 -D COMPILE_107 -D COMPILE_108 -D COMPILE_109 -D COMPILE_110 -D COMPILE_111 -D COMPILE_112 -D COMPILE_113 -D COMPILE_114 -D COMPILE_115 -D COMPILE_116 -D COMPILE_117 -D COMPILE_118 -D COMPILE_119 -D COMPILE_120 -D COMPILE_121 -D COMPILE_122 -D COMPILE_123 -D COMPILE_124 -D COMPILE_125 -D COMPILE_126 -D COMPILE_127 -D COMPILE_128 -D COMPILE_129 -D COMPILE_130 -D COMPILE_131 -D COMPILE_132 -D COMPILE_133 -D COMPILE_134 -D COMPILE_135 -D COMPILE_136 -D COMPILE_137 -D COMPILE_138 -D COMPILE_139 -D COMPILE_140 -D COMPILE_141 -D COMPILE_142 -D COMPILE_143 -D COMPILE_144 -D COMPILE_145 -D COMPILE_146 -D COMPILE_147 -D COMPILE_148 -D COMPILE_149 -D COMPILE_150 -D COMPILE_151 -D COMPILE_152 -D COMPILE_153 -D COMPILE_154 -D COMPILE_155 -D COMPILE_156 -D COMPILE_157 -D COMPILE_158 -D COMPILE_159 -D COMPILE_160 -D COMPILE_161 -D COMPILE_162 -D COMPILE_163 -D COMPILE_164 -D COMPILE_165 -D COMPILE_166 -D COMPILE_167 -D COMPILE_168 -D COMPILE_169 -D COMPILE_170 -D COMPILE_171 -D COMPILE_172 -D COMPILE_173 -D COMPILE_174 -D COMPILE_175 -D COMPILE_176 -D COMPILE_177 -D COMPILE_178 -D COMPILE_179 -D COMPILE_180 -D COMPILE_181 -D COMPILE_182 -D COMPILE_183 -D COMPILE_184 -D COMPILE_185 -D COMPILE_186 -D COMPILE_187 -D COMPILE_188 -D COMPILE_189 -D COMPILE_190 -D COMPILE_191 -D COMPILE_192 -D COMPILE_193 -D COMPILE_194 -D COMPILE_195 -D COMPILE_196 -D COMPILE_197 -D COMPILE_198 -D COMPILE_199 -D COMPILE_200 -D COMPILE_201 -D COMPILE_202 -D COMPILE_203 -D COMPILE_204 -D COMPILE_205 -D COMPILE_206 -D COMPILE_207 -D COMPILE_208 -D COMPILE_209 -D COMPILE_210 -D COMPILE_211 -D COMPILE_212 -D COMPILE_213 -D COMPILE_214 -D COMPILE_215 -D COMPILE_216 -D COMPILE_217 -D COMPILE_218 -D COMPILE_219 -D COMPILE_220 -D COMPILE_221 -D COMPILE_222 -D COMPILE_223 -D COMPILE_224 -D COMPILE_225 -D COMPILE_226 -D COMPILE_227 -D COMPILE_228 -D COMPILE_229 -D COMPILE_230 -D COMPILE_231 -D COMPILE_232 -D COMPILE_233 -D COMPILE_234 -D COMPILE_235 -D COMPILE_236 -D COMPILE_237 -D COMPILE_238 -D COMPILE_239 -D COMPILE_240 -D COMPILE_241  -o test.o
test.c: In function ‘main’:
test.c:20:31: warning: passing argument 3 of ‘_IO_vfscanf’ from incompatible pointer type [-Wincompatible-pointer-types]
     _IO_vfscanf(f, "%d %d\n", &a, &b);
                               ^
In file included from /usr/include/stdio.h:41:0,
                 from test.c:6:
/usr/include/x86_64-linux-gnu/bits/libio.h:462:12: note: expected ‘__va_list_tag *’ but argument is of type ‘int *’
 extern int _IO_vfscanf (_IO_FILE * __restrict, const char * __restrict,
            ^~~~~~~~~~~
test.c:43:18: warning: format ‘%d’ expects argument of type ‘int’, but argument 3 has type ‘int *’ [-Wformat=]
     fprintf(f, "%d %d\n", &a, &b);
                 ~^        ~~
                 %ls
test.c:43:21: warning: format ‘%d’ expects argument of type ‘int’, but argument 4 has type ‘int *’ [-Wformat=]
     fprintf(f, "%d %d\n", &a, &b);
                    ~^         ~~
                    %ls
test.c:127:12: warning: passing argument 1 of ‘printf’ from incompatible pointer type [-Wincompatible-pointer-types]
     printf(f, "%d %d\n", &a, &b);
            ^
In file included from test.c:6:0:
/usr/include/stdio.h:318:12: note: expected ‘const char * restrict’ but argument is of type ‘FILE * {aka struct _IO_FILE *}’
 extern int printf (const char *__restrict __format, ...);
            ^~~~~~
test.c:134:11: warning: passing argument 1 of ‘scanf’ from incompatible pointer type [-Wincompatible-pointer-types]
     scanf(f, "%d %d\n", &a, &b);
           ^
In file included from /usr/include/features.h:424:0,
                 from /usr/include/x86_64-linux-gnu/bits/libc-header-start.h:33,
                 from /usr/include/stdio.h:27,
                 from test.c:6:
/usr/include/stdio.h:398:12: note: expected ‘const char * restrict’ but argument is of type ‘FILE * {aka struct _IO_FILE *}’
 extern int __REDIRECT (scanf, (const char *__restrict __format, ...),
            ^
test.c:141:13: warning: passing argument 1 of ‘sprintf’ from incompatible pointer type [-Wincompatible-pointer-types]
     sprintf(f, "%d %d\n", &a, &b);
             ^
In file included from test.c:6:0:
/usr/include/stdio.h:320:12: note: expected ‘char * restrict’ but argument is of type ‘FILE * {aka struct _IO_FILE *}’
 extern int sprintf (char *__restrict __s,
            ^~~~~~~
test.c:141:18: warning: format ‘%d’ expects argument of type ‘int’, but argument 3 has type ‘int *’ [-Wformat=]
     sprintf(f, "%d %d\n", &a, &b);
                 ~^        ~~
                 %ls
test.c:141:21: warning: format ‘%d’ expects argument of type ‘int’, but argument 4 has type ‘int *’ [-Wformat=]
     sprintf(f, "%d %d\n", &a, &b);
                    ~^         ~~
                    %ls
test.c:148:12: warning: passing argument 1 of ‘sscanf’ from incompatible pointer type [-Wincompatible-pointer-types]
     sscanf(f, "%d %d\n", &a, &b);
            ^
In file included from /usr/include/features.h:424:0,
                 from /usr/include/x86_64-linux-gnu/bits/libc-header-start.h:33,
                 from /usr/include/stdio.h:27,
                 from test.c:6:
/usr/include/stdio.h:400:12: note: expected ‘const char * restrict’ but argument is of type ‘FILE * {aka struct _IO_FILE *}’
 extern int __REDIRECT_NTH (sscanf, (const char *__restrict __s,
            ^
test.c:503:18: warning: passing argument 1 of ‘__overflow’ from incompatible pointer type [-Wincompatible-pointer-types]
       __overflow("%d\n", 1);
                  ^~~~~~
In file included from /usr/include/stdio.h:41:0,
                 from test.c:6:
/usr/include/x86_64-linux-gnu/bits/libio.h:391:12: note: expected ‘_IO_FILE * {aka struct _IO_FILE *}’ but argument is of type ‘char *’
 extern int __overflow (_IO_FILE *, int);
            ^~~~~~~~~~
test.c:640:15: warning: format ‘%d’ expects argument of type ‘int *’, but argument 2 has type ‘int’ [-Wformat=]
       scanf("%d\n", 1);
              ~^
test.c:664:18: warning: passing argument 1 of ‘__overflow’ from incompatible pointer type [-Wincompatible-pointer-types]
       __overflow("%d\n", 1);
                  ^~~~~~
In file included from /usr/include/stdio.h:41:0,
                 from test.c:6:
/usr/include/x86_64-linux-gnu/bits/libio.h:391:12: note: expected ‘_IO_FILE * {aka struct _IO_FILE *}’ but argument is of type ‘char *’
 extern int __overflow (_IO_FILE *, int);
            ^~~~~~~~~~
test.c:812:15: warning: format ‘%d’ expects argument of type ‘int *’, but argument 2 has type ‘int’ [-Wformat=]
       scanf("%d\n", 1);
              ~^
test.c:836:18: warning: passing argument 1 of ‘__overflow’ from incompatible pointer type [-Wincompatible-pointer-types]
       __overflow("%d\n", 1);
                  ^~~~~~
In file included from /usr/include/stdio.h:41:0,
                 from test.c:6:
/usr/include/x86_64-linux-gnu/bits/libio.h:391:12: note: expected ‘_IO_FILE * {aka struct _IO_FILE *}’ but argument is of type ‘char *’
 extern int __overflow (_IO_FILE *, int);
            ^~~~~~~~~~
test.c:984:15: warning: format ‘%d’ expects argument of type ‘int *’, but argument 2 has type ‘int’ [-Wformat=]
       scanf("%d\n", 1);
              ~^
test.c:1008:18: warning: passing argument 1 of ‘__overflow’ from incompatible pointer type [-Wincompatible-pointer-types]
       __overflow("%d\n", 1);
                  ^~~~~~
In file included from /usr/include/stdio.h:41:0,
                 from test.c:6:
/usr/include/x86_64-linux-gnu/bits/libio.h:391:12: note: expected ‘_IO_FILE * {aka struct _IO_FILE *}’ but argument is of type ‘char *’
 extern int __overflow (_IO_FILE *, int);
            ^~~~~~~~~~
test.c:1156:15: warning: format ‘%d’ expects argument of type ‘int *’, but argument 2 has type ‘int’ [-Wformat=]
       scanf("%d\n", 1);
              ~^
test.c:1180:18: warning: passing argument 1 of ‘__overflow’ from incompatible pointer type [-Wincompatible-pointer-types]
       __overflow("%d\n", 1);
                  ^~~~~~
In file included from /usr/include/stdio.h:41:0,
                 from test.c:6:
/usr/include/x86_64-linux-gnu/bits/libio.h:391:12: note: expected ‘_IO_FILE * {aka struct _IO_FILE *}’ but argument is of type ‘char *’
 extern int __overflow (_IO_FILE *, int);
            ^~~~~~~~~~
test.c:1328:15: warning: format ‘%d’ expects argument of type ‘int *’, but argument 2 has type ‘int’ [-Wformat=]
       scanf("%d\n", 1);
              ~^
test.c:1350:18: warning: passing argument 1 of ‘__overflow’ from incompatible pointer type [-Wincompatible-pointer-types]
       __overflow("%d\n", 1);
                  ^~~~~~
In file included from /usr/include/stdio.h:41:0,
                 from test.c:6:
/usr/include/x86_64-linux-gnu/bits/libio.h:391:12: note: expected ‘_IO_FILE * {aka struct _IO_FILE *}’ but argument is of type ‘char *’
 extern int __overflow (_IO_FILE *, int);
            ^~~~~~~~~~
test.c:1487:15: warning: format ‘%d’ expects argument of type ‘int *’, but argument 2 has type ‘int’ [-Wformat=]
       scanf("%d\n", 1);
              ~^
test.c:1511:20: warning: passing argument 1 of ‘__overflow’ from incompatible pointer type [-Wincompatible-pointer-types]
         __overflow("%d\n", 1);
                    ^~~~~~
In file included from /usr/include/stdio.h:41:0,
                 from test.c:6:
/usr/include/x86_64-linux-gnu/bits/libio.h:391:12: note: expected ‘_IO_FILE * {aka struct _IO_FILE *}’ but argument is of type ‘char *’
 extern int __overflow (_IO_FILE *, int);
            ^~~~~~~~~~
test.c:1659:17: warning: format ‘%d’ expects argument of type ‘int *’, but argument 2 has type ‘int’ [-Wformat=]
         scanf("%d\n", 1);
                ~^
test.c:1681:18: warning: passing argument 1 of ‘__overflow’ from incompatible pointer type [-Wincompatible-pointer-types]
       __overflow("%d\n", 1);
                  ^~~~~~
In file included from /usr/include/stdio.h:41:0,
                 from test.c:6:
/usr/include/x86_64-linux-gnu/bits/libio.h:391:12: note: expected ‘_IO_FILE * {aka struct _IO_FILE *}’ but argument is of type ‘char *’
 extern int __overflow (_IO_FILE *, int);
            ^~~~~~~~~~
test.c:1818:15: warning: format ‘%d’ expects argument of type ‘int *’, but argument 2 has type ‘int’ [-Wformat=]
       scanf("%d\n", 1);
              ~^
test.c:1840:18: warning: passing argument 1 of ‘__overflow’ from incompatible pointer type [-Wincompatible-pointer-types]
       __overflow("%d\n", 1);
                  ^~~~~~
In file included from /usr/include/stdio.h:41:0,
                 from test.c:6:
/usr/include/x86_64-linux-gnu/bits/libio.h:391:12: note: expected ‘_IO_FILE * {aka struct _IO_FILE *}’ but argument is of type ‘char *’
 extern int __overflow (_IO_FILE *, int);
            ^~~~~~~~~~
test.c:1977:15: warning: format ‘%d’ expects argument of type ‘int *’, but argument 2 has type ‘int’ [-Wformat=]
       scanf("%d\n", 1);
              ~^
test.c:2003:18: warning: passing argument 1 of ‘__overflow’ from incompatible pointer type [-Wincompatible-pointer-types]
       __overflow("%d\n", 1);
                  ^~~~~~
In file included from /usr/include/stdio.h:41:0,
                 from test.c:6:
/usr/include/x86_64-linux-gnu/bits/libio.h:391:12: note: expected ‘_IO_FILE * {aka struct _IO_FILE *}’ but argument is of type ‘char *’
 extern int __overflow (_IO_FILE *, int);
            ^~~~~~~~~~
test.c:2162:15: warning: format ‘%d’ expects argument of type ‘int *’, but argument 2 has type ‘int’ [-Wformat=]
       scanf("%d\n", 1);
              ~^
test.c:2188:18: warning: passing argument 1 of ‘__overflow’ from incompatible pointer type [-Wincompatible-pointer-types]
       __overflow("%d\n", 1);
                  ^~~~~~
In file included from /usr/include/stdio.h:41:0,
                 from test.c:6:
/usr/include/x86_64-linux-gnu/bits/libio.h:391:12: note: expected ‘_IO_FILE * {aka struct _IO_FILE *}’ but argument is of type ‘char *’
 extern int __overflow (_IO_FILE *, int);
            ^~~~~~~~~~
test.c:2347:15: warning: format ‘%d’ expects argument of type ‘int *’, but argument 2 has type ‘int’ [-Wformat=]
       scanf("%d\n", 1);
              ~^
test.c:2369:18: warning: passing argument 1 of ‘__overflow’ from incompatible pointer type [-Wincompatible-pointer-types]
       __overflow("%d\n", 1);
                  ^~~~~~
In file included from /usr/include/stdio.h:41:0,
                 from test.c:6:
/usr/include/x86_64-linux-gnu/bits/libio.h:391:12: note: expected ‘_IO_FILE * {aka struct _IO_FILE *}’ but argument is of type ‘char *’
 extern int __overflow (_IO_FILE *, int);
            ^~~~~~~~~~
test.c:2506:15: warning: format ‘%d’ expects argument of type ‘int *’, but argument 2 has type ‘int’ [-Wformat=]
       scanf("%d\n", 1);
              ~^
test.c:2530:18: warning: passing argument 1 of ‘__overflow’ from incompatible pointer type [-Wincompatible-pointer-types]
       __overflow("%d\n", 1);
                  ^~~~~~
In file included from /usr/include/stdio.h:41:0,
                 from test.c:6:
/usr/include/x86_64-linux-gnu/bits/libio.h:391:12: note: expected ‘_IO_FILE * {aka struct _IO_FILE *}’ but argument is of type ‘char *’
 extern int __overflow (_IO_FILE *, int);
            ^~~~~~~~~~
test.c:2678:15: warning: format ‘%d’ expects argument of type ‘int *’, but argument 2 has type ‘int’ [-Wformat=]
       scanf("%d\n", 1);
              ~^
test.c:2693:1: error: case label not within a switch statement
 case 170: {
 ^~~~
test.c:2694:14: warning: passing argument 1 of ‘__overflow’ from incompatible pointer type [-Wincompatible-pointer-types]
   __overflow("%d\n", 1);
              ^~~~~~
In file included from /usr/include/stdio.h:41:0,
                 from test.c:6:
/usr/include/x86_64-linux-gnu/bits/libio.h:391:12: note: expected ‘_IO_FILE * {aka struct _IO_FILE *}’ but argument is of type ‘char *’
 extern int __overflow (_IO_FILE *, int);
            ^~~~~~~~~~
test.c:2697:1: error: break statement not within loop or switch
 break;
 ^~~~~
test.c: At top level:
test.c:2701:1: error: expected identifier or ‘(’ before ‘case’
 case 171: {
 ^~~~
test.c:2706:1: error: expected identifier or ‘(’ before ‘break’
 break;
 ^~~~~
test.c:2707:1: error: expected identifier or ‘(’ before ‘}’ token
 }
 ^
test.c:2710:1: error: expected identifier or ‘(’ before ‘case’
 case 172: {
 ^~~~
test.c:2715:1: error: expected identifier or ‘(’ before ‘break’
 break;
 ^~~~~
test.c:2716:1: error: expected identifier or ‘(’ before ‘}’ token
 }
 ^
test.c:2719:1: error: expected identifier or ‘(’ before ‘case’
 case 173: {
 ^~~~
test.c:2724:1: error: expected identifier or ‘(’ before ‘break’
 break;
 ^~~~~
test.c:2725:1: error: expected identifier or ‘(’ before ‘}’ token
 }
 ^
test.c:2728:1: error: expected identifier or ‘(’ before ‘case’
 case 174: {
 ^~~~
test.c:2733:1: error: expected identifier or ‘(’ before ‘break’
 break;
 ^~~~~
test.c:2734:1: error: expected identifier or ‘(’ before ‘}’ token
 }
 ^
test.c:2737:1: error: expected identifier or ‘(’ before ‘case’
 case 175: {
 ^~~~
test.c:2742:1: error: expected identifier or ‘(’ before ‘break’
 break;
 ^~~~~
test.c:2743:1: error: expected identifier or ‘(’ before ‘}’ token
 }
 ^
test.c:2746:1: error: expected identifier or ‘(’ before ‘case’
 case 176: {
 ^~~~
test.c:2752:1: error: expected identifier or ‘(’ before ‘break’
 break;
 ^~~~~
test.c:2753:1: error: expected identifier or ‘(’ before ‘}’ token
 }
 ^
test.c:2756:1: error: expected identifier or ‘(’ before ‘case’
 case 177: {
 ^~~~
test.c:2762:1: error: expected identifier or ‘(’ before ‘break’
 break;
 ^~~~~
test.c:2763:1: error: expected identifier or ‘(’ before ‘}’ token
 }
 ^
test.c:2766:1: error: expected identifier or ‘(’ before ‘case’
 case 178: {
 ^~~~
test.c:2775:1: error: expected identifier or ‘(’ before ‘break’
 break;
 ^~~~~
test.c:2776:1: error: expected identifier or ‘(’ before ‘}’ token
 }
 ^
test.c:2779:1: error: expected identifier or ‘(’ before ‘case’
 case 179: {
 ^~~~
test.c:2784:1: error: expected identifier or ‘(’ before ‘break’
 break;
 ^~~~~
test.c:2785:1: error: expected identifier or ‘(’ before ‘}’ token
 }
 ^
test.c:2788:1: error: expected identifier or ‘(’ before ‘case’
 case 180: {
 ^~~~
test.c:2793:1: error: expected identifier or ‘(’ before ‘break’
 break;
 ^~~~~
test.c:2794:1: error: expected identifier or ‘(’ before ‘}’ token
 }
 ^
test.c:2797:1: error: expected identifier or ‘(’ before ‘case’
 case 181: {
 ^~~~
test.c:2801:1: error: expected identifier or ‘(’ before ‘break’
 break;
 ^~~~~
test.c:2802:1: error: expected identifier or ‘(’ before ‘}’ token
 }
 ^
test.c:2804:1: error: expected identifier or ‘(’ before ‘}’ token
 }
 ^
test.c:2806:1: error: expected identifier or ‘(’ before ‘return’
 return 0;
 ^~~~~~
test.c:2807:1: error: expected identifier or ‘(’ before ‘}’ token
 }
 ^
wrap/tclang
Makefile:4: recipe for target 'all' failed
make: *** [all] Error 1
../../../../wrap/gcc -c test.c -D COMPILE_0 -D COMPILE_1 -D COMPILE_2 -D COMPILE_3 -D COMPILE_4 -D COMPILE_5 -D COMPILE_6 -D COMPILE_7 -D COMPILE_8 -D COMPILE_9 -D COMPILE_10 -D COMPILE_11 -D COMPILE_12 -D COMPILE_13 -D COMPILE_14 -D COMPILE_15 -D COMPILE_16 -D COMPILE_17 -D COMPILE_18 -D COMPILE_19 -D COMPILE_20 -D COMPILE_21 -D COMPILE_22 -D COMPILE_23 -D COMPILE_24 -D COMPILE_25 -D COMPILE_26 -D COMPILE_27 -D COMPILE_28 -D COMPILE_29 -D COMPILE_30 -D COMPILE_31 -D COMPILE_32 -D COMPILE_33 -D COMPILE_34 -D COMPILE_35 -D COMPILE_36 -D COMPILE_37 -D COMPILE_38 -D COMPILE_39 -D COMPILE_40 -D COMPILE_41 -D COMPILE_42 -D COMPILE_43 -D COMPILE_44 -D COMPILE_45 -D COMPILE_46 -D COMPILE_47 -D COMPILE_48 -D COMPILE_49 -D COMPILE_50 -D COMPILE_51 -D COMPILE_52 -D COMPILE_53 -D COMPILE_54 -D COMPILE_55 -D COMPILE_56 -D COMPILE_57 -D COMPILE_58 -D COMPILE_59 -D COMPILE_60 -D COMPILE_61 -D COMPILE_62 -D COMPILE_63 -D COMPILE_64 -D COMPILE_65 -D COMPILE_66 -D COMPILE_67 -D COMPILE_68 -D COMPILE_69 -D COMPILE_70 -D COMPILE_71 -D COMPILE_72 -D COMPILE_73 -D COMPILE_74 -D COMPILE_75 -D COMPILE_76 -D COMPILE_77 -D COMPILE_78 -D COMPILE_79 -D COMPILE_80 -D COMPILE_81 -D COMPILE_82 -D COMPILE_83 -D COMPILE_84 -D COMPILE_85 -D COMPILE_86 -D COMPILE_87 -D COMPILE_88 -D COMPILE_89 -D COMPILE_90 -D COMPILE_91 -D COMPILE_92 -D COMPILE_93 -D COMPILE_94 -D COMPILE_95 -D COMPILE_96 -D COMPILE_97 -D COMPILE_98 -D COMPILE_99 -D COMPILE_100 -D COMPILE_101 -D COMPILE_102 -D COMPILE_103 -D COMPILE_104 -D COMPILE_105 -D COMPILE_106 -D COMPILE_107 -D COMPILE_108 -D COMPILE_109 -D COMPILE_110 -D COMPILE_111 -D COMPILE_112 -D COMPILE_113 -D COMPILE_114 -D COMPILE_115 -D COMPILE_116 -D COMPILE_117 -D COMPILE_118 -D COMPILE_119 -D COMPILE_120 -D COMPILE_121 -D COMPILE_122 -D COMPILE_123 -D COMPILE_124 -D COMPILE_125 -D COMPILE_126 -D COMPILE_127 -D COMPILE_128 -D COMPILE_129 -D COMPILE_130 -D COMPILE_131 -D COMPILE_132 -D COMPILE_133 -D COMPILE_134 -D COMPILE_135 -D COMPILE_136 -D COMPILE_137 -D COMPILE_138 -D COMPILE_139 -D COMPILE_140 -D COMPILE_141 -D COMPILE_142 -D COMPILE_143 -D COMPILE_144 -D COMPILE_145 -D COMPILE_146 -D COMPILE_147 -D COMPILE_148 -D COMPILE_149 -D COMPILE_150 -D COMPILE_151 -D COMPILE_152 -D COMPILE_153 -D COMPILE_154 -D COMPILE_155 -D COMPILE_156 -D COMPILE_157 -D COMPILE_158 -D COMPILE_159 -D COMPILE_160 -D COMPILE_161 -D COMPILE_162 -D COMPILE_163 -D COMPILE_164 -D COMPILE_165 -D COMPILE_166 -D COMPILE_167 -D COMPILE_168 -D COMPILE_169 -D COMPILE_170 -D COMPILE_171 -D COMPILE_172 -D COMPILE_173 -D COMPILE_174 -D COMPILE_175 -D COMPILE_176 -D COMPILE_177 -D COMPILE_178 -D COMPILE_179 -D COMPILE_180 -D COMPILE_181 -D COMPILE_182 -D COMPILE_183 -D COMPILE_184 -D COMPILE_185 -D COMPILE_186 -D COMPILE_187 -D COMPILE_188 -D COMPILE_189 -D COMPILE_190 -D COMPILE_191 -D COMPILE_192 -D COMPILE_193 -D COMPILE_194 -D COMPILE_195 -D COMPILE_196 -D COMPILE_197 -D COMPILE_198 -D COMPILE_199 -D COMPILE_200 -D COMPILE_201 -D COMPILE_202 -D COMPILE_203 -D COMPILE_204 -D COMPILE_205 -D COMPILE_206 -D COMPILE_207 -D COMPILE_208 -D COMPILE_209 -D COMPILE_210 -D COMPILE_211 -D COMPILE_212 -D COMPILE_213 -D COMPILE_214 -D COMPILE_215 -D COMPILE_216 -D COMPILE_217 -D COMPILE_218 -D COMPILE_219 -D COMPILE_220 -D COMPILE_221 -D COMPILE_222 -D COMPILE_223 -D COMPILE_224 -D COMPILE_225 -D COMPILE_226 -D COMPILE_227 -D COMPILE_228  -o test.o
test.c: In function ‘main’:
test.c:20:31: warning: passing argument 3 of ‘_IO_vfscanf’ from incompatible pointer type [-Wincompatible-pointer-types]
     _IO_vfscanf(f, "%d %d\n", &a, &b);
                               ^
In file included from /usr/include/stdio.h:41:0,
                 from test.c:6:
/usr/include/x86_64-linux-gnu/bits/libio.h:462:12: note: expected ‘__va_list_tag *’ but argument is of type ‘int *’
 extern int _IO_vfscanf (_IO_FILE * __restrict, const char * __restrict,
            ^~~~~~~~~~~
test.c:43:18: warning: format ‘%d’ expects argument of type ‘int’, but argument 3 has type ‘int *’ [-Wformat=]
     fprintf(f, "%d %d\n", &a, &b);
                 ~^        ~~
                 %ls
test.c:43:21: warning: format ‘%d’ expects argument of type ‘int’, but argument 4 has type ‘int *’ [-Wformat=]
     fprintf(f, "%d %d\n", &a, &b);
                    ~^         ~~
                    %ls
test.c:127:12: warning: passing argument 1 of ‘printf’ from incompatible pointer type [-Wincompatible-pointer-types]
     printf(f, "%d %d\n", &a, &b);
            ^
In file included from test.c:6:0:
/usr/include/stdio.h:318:12: note: expected ‘const char * restrict’ but argument is of type ‘FILE * {aka struct _IO_FILE *}’
 extern int printf (const char *__restrict __format, ...);
            ^~~~~~
test.c:134:11: warning: passing argument 1 of ‘scanf’ from incompatible pointer type [-Wincompatible-pointer-types]
     scanf(f, "%d %d\n", &a, &b);
           ^
In file included from /usr/include/features.h:424:0,
                 from /usr/include/x86_64-linux-gnu/bits/libc-header-start.h:33,
                 from /usr/include/stdio.h:27,
                 from test.c:6:
/usr/include/stdio.h:398:12: note: expected ‘const char * restrict’ but argument is of type ‘FILE * {aka struct _IO_FILE *}’
 extern int __REDIRECT (scanf, (const char *__restrict __format, ...),
            ^
test.c:141:13: warning: passing argument 1 of ‘sprintf’ from incompatible pointer type [-Wincompatible-pointer-types]
     sprintf(f, "%d %d\n", &a, &b);
             ^
In file included from test.c:6:0:
/usr/include/stdio.h:320:12: note: expected ‘char * restrict’ but argument is of type ‘FILE * {aka struct _IO_FILE *}’
 extern int sprintf (char *__restrict __s,
            ^~~~~~~
test.c:141:18: warning: format ‘%d’ expects argument of type ‘int’, but argument 3 has type ‘int *’ [-Wformat=]
     sprintf(f, "%d %d\n", &a, &b);
                 ~^        ~~
                 %ls
test.c:141:21: warning: format ‘%d’ expects argument of type ‘int’, but argument 4 has type ‘int *’ [-Wformat=]
     sprintf(f, "%d %d\n", &a, &b);
                    ~^         ~~
                    %ls
test.c:148:12: warning: passing argument 1 of ‘sscanf’ from incompatible pointer type [-Wincompatible-pointer-types]
     sscanf(f, "%d %d\n", &a, &b);
            ^
In file included from /usr/include/features.h:424:0,
                 from /usr/include/x86_64-linux-gnu/bits/libc-header-start.h:33,
                 from /usr/include/stdio.h:27,
                 from test.c:6:
/usr/include/stdio.h:400:12: note: expected ‘const char * restrict’ but argument is of type ‘FILE * {aka struct _IO_FILE *}’
 extern int __REDIRECT_NTH (sscanf, (const char *__restrict __s,
            ^
test.c:503:18: warning: passing argument 1 of ‘__overflow’ from incompatible pointer type [-Wincompatible-pointer-types]
       __overflow("%d\n", 1);
                  ^~~~~~
In file included from /usr/include/stdio.h:41:0,
                 from test.c:6:
/usr/include/x86_64-linux-gnu/bits/libio.h:391:12: note: expected ‘_IO_FILE * {aka struct _IO_FILE *}’ but argument is of type ‘char *’
 extern int __overflow (_IO_FILE *, int);
            ^~~~~~~~~~
test.c:640:15: warning: format ‘%d’ expects argument of type ‘int *’, but argument 2 has type ‘int’ [-Wformat=]
       scanf("%d\n", 1);
              ~^
test.c:664:18: warning: passing argument 1 of ‘__overflow’ from incompatible pointer type [-Wincompatible-pointer-types]
       __overflow("%d\n", 1);
                  ^~~~~~
In file included from /usr/include/stdio.h:41:0,
                 from test.c:6:
/usr/include/x86_64-linux-gnu/bits/libio.h:391:12: note: expected ‘_IO_FILE * {aka struct _IO_FILE *}’ but argument is of type ‘char *’
 extern int __overflow (_IO_FILE *, int);
            ^~~~~~~~~~
test.c:812:15: warning: format ‘%d’ expects argument of type ‘int *’, but argument 2 has type ‘int’ [-Wformat=]
       scanf("%d\n", 1);
              ~^
test.c:836:18: warning: passing argument 1 of ‘__overflow’ from incompatible pointer type [-Wincompatible-pointer-types]
       __overflow("%d\n", 1);
                  ^~~~~~
In file included from /usr/include/stdio.h:41:0,
                 from test.c:6:
/usr/include/x86_64-linux-gnu/bits/libio.h:391:12: note: expected ‘_IO_FILE * {aka struct _IO_FILE *}’ but argument is of type ‘char *’
 extern int __overflow (_IO_FILE *, int);
            ^~~~~~~~~~
test.c:984:15: warning: format ‘%d’ expects argument of type ‘int *’, but argument 2 has type ‘int’ [-Wformat=]
       scanf("%d\n", 1);
              ~^
test.c:1008:18: warning: passing argument 1 of ‘__overflow’ from incompatible pointer type [-Wincompatible-pointer-types]
       __overflow("%d\n", 1);
                  ^~~~~~
In file included from /usr/include/stdio.h:41:0,
                 from test.c:6:
/usr/include/x86_64-linux-gnu/bits/libio.h:391:12: note: expected ‘_IO_FILE * {aka struct _IO_FILE *}’ but argument is of type ‘char *’
 extern int __overflow (_IO_FILE *, int);
            ^~~~~~~~~~
test.c:1156:15: warning: format ‘%d’ expects argument of type ‘int *’, but argument 2 has type ‘int’ [-Wformat=]
       scanf("%d\n", 1);
              ~^
test.c:1180:18: warning: passing argument 1 of ‘__overflow’ from incompatible pointer type [-Wincompatible-pointer-types]
       __overflow("%d\n", 1);
                  ^~~~~~
In file included from /usr/include/stdio.h:41:0,
                 from test.c:6:
/usr/include/x86_64-linux-gnu/bits/libio.h:391:12: note: expected ‘_IO_FILE * {aka struct _IO_FILE *}’ but argument is of type ‘char *’
 extern int __overflow (_IO_FILE *, int);
            ^~~~~~~~~~
test.c:1328:15: warning: format ‘%d’ expects argument of type ‘int *’, but argument 2 has type ‘int’ [-Wformat=]
       scanf("%d\n", 1);
              ~^
test.c:1350:18: warning: passing argument 1 of ‘__overflow’ from incompatible pointer type [-Wincompatible-pointer-types]
       __overflow("%d\n", 1);
                  ^~~~~~
In file included from /usr/include/stdio.h:41:0,
                 from test.c:6:
/usr/include/x86_64-linux-gnu/bits/libio.h:391:12: note: expected ‘_IO_FILE * {aka struct _IO_FILE *}’ but argument is of type ‘char *’
 extern int __overflow (_IO_FILE *, int);
            ^~~~~~~~~~
test.c:1487:15: warning: format ‘%d’ expects argument of type ‘int *’, but argument 2 has type ‘int’ [-Wformat=]
       scanf("%d\n", 1);
              ~^
test.c:1511:20: warning: passing argument 1 of ‘__overflow’ from incompatible pointer type [-Wincompatible-pointer-types]
         __overflow("%d\n", 1);
                    ^~~~~~
In file included from /usr/include/stdio.h:41:0,
                 from test.c:6:
/usr/include/x86_64-linux-gnu/bits/libio.h:391:12: note: expected ‘_IO_FILE * {aka struct _IO_FILE *}’ but argument is of type ‘char *’
 extern int __overflow (_IO_FILE *, int);
            ^~~~~~~~~~
test.c:1659:17: warning: format ‘%d’ expects argument of type ‘int *’, but argument 2 has type ‘int’ [-Wformat=]
         scanf("%d\n", 1);
                ~^
test.c:1681:18: warning: passing argument 1 of ‘__overflow’ from incompatible pointer type [-Wincompatible-pointer-types]
       __overflow("%d\n", 1);
                  ^~~~~~
In file included from /usr/include/stdio.h:41:0,
                 from test.c:6:
/usr/include/x86_64-linux-gnu/bits/libio.h:391:12: note: expected ‘_IO_FILE * {aka struct _IO_FILE *}’ but argument is of type ‘char *’
 extern int __overflow (_IO_FILE *, int);
            ^~~~~~~~~~
test.c:1818:15: warning: format ‘%d’ expects argument of type ‘int *’, but argument 2 has type ‘int’ [-Wformat=]
       scanf("%d\n", 1);
              ~^
test.c:1840:18: warning: passing argument 1 of ‘__overflow’ from incompatible pointer type [-Wincompatible-pointer-types]
       __overflow("%d\n", 1);
                  ^~~~~~
In file included from /usr/include/stdio.h:41:0,
                 from test.c:6:
/usr/include/x86_64-linux-gnu/bits/libio.h:391:12: note: expected ‘_IO_FILE * {aka struct _IO_FILE *}’ but argument is of type ‘char *’
 extern int __overflow (_IO_FILE *, int);
            ^~~~~~~~~~
test.c:1977:15: warning: format ‘%d’ expects argument of type ‘int *’, but argument 2 has type ‘int’ [-Wformat=]
       scanf("%d\n", 1);
              ~^
test.c:2003:18: warning: passing argument 1 of ‘__overflow’ from incompatible pointer type [-Wincompatible-pointer-types]
       __overflow("%d\n", 1);
                  ^~~~~~
In file included from /usr/include/stdio.h:41:0,
                 from test.c:6:
/usr/include/x86_64-linux-gnu/bits/libio.h:391:12: note: expected ‘_IO_FILE * {aka struct _IO_FILE *}’ but argument is of type ‘char *’
 extern int __overflow (_IO_FILE *, int);
            ^~~~~~~~~~
test.c:2162:15: warning: format ‘%d’ expects argument of type ‘int *’, but argument 2 has type ‘int’ [-Wformat=]
       scanf("%d\n", 1);
              ~^
test.c:2188:18: warning: passing argument 1 of ‘__overflow’ from incompatible pointer type [-Wincompatible-pointer-types]
       __overflow("%d\n", 1);
                  ^~~~~~
In file included from /usr/include/stdio.h:41:0,
                 from test.c:6:
/usr/include/x86_64-linux-gnu/bits/libio.h:391:12: note: expected ‘_IO_FILE * {aka struct _IO_FILE *}’ but argument is of type ‘char *’
 extern int __overflow (_IO_FILE *, int);
            ^~~~~~~~~~
test.c:2347:15: warning: format ‘%d’ expects argument of type ‘int *’, but argument 2 has type ‘int’ [-Wformat=]
       scanf("%d\n", 1);
              ~^
test.c:2369:18: warning: passing argument 1 of ‘__overflow’ from incompatible pointer type [-Wincompatible-pointer-types]
       __overflow("%d\n", 1);
                  ^~~~~~
In file included from /usr/include/stdio.h:41:0,
                 from test.c:6:
/usr/include/x86_64-linux-gnu/bits/libio.h:391:12: note: expected ‘_IO_FILE * {aka struct _IO_FILE *}’ but argument is of type ‘char *’
 extern int __overflow (_IO_FILE *, int);
            ^~~~~~~~~~
test.c:2506:15: warning: format ‘%d’ expects argument of type ‘int *’, but argument 2 has type ‘int’ [-Wformat=]
       scanf("%d\n", 1);
              ~^
test.c:2530:18: warning: passing argument 1 of ‘__overflow’ from incompatible pointer type [-Wincompatible-pointer-types]
       __overflow("%d\n", 1);
                  ^~~~~~
In file included from /usr/include/stdio.h:41:0,
                 from test.c:6:
/usr/include/x86_64-linux-gnu/bits/libio.h:391:12: note: expected ‘_IO_FILE * {aka struct _IO_FILE *}’ but argument is of type ‘char *’
 extern int __overflow (_IO_FILE *, int);
            ^~~~~~~~~~
test.c:2678:15: warning: format ‘%d’ expects argument of type ‘int *’, but argument 2 has type ‘int’ [-Wformat=]
       scanf("%d\n", 1);
              ~^
wrap/tclang
../../../../wrap/gcc test.o -D COMPILE_0 -D COMPILE_1 -D COMPILE_2 -D COMPILE_3 -D COMPILE_4 -D COMPILE_5 -D COMPILE_6 -D COMPILE_7 -D COMPILE_8 -D COMPILE_9 -D COMPILE_10 -D COMPILE_11 -D COMPILE_12 -D COMPILE_13 -D COMPILE_14 -D COMPILE_15 -D COMPILE_16 -D COMPILE_17 -D COMPILE_18 -D COMPILE_19 -D COMPILE_20 -D COMPILE_21 -D COMPILE_22 -D COMPILE_23 -D COMPILE_24 -D COMPILE_25 -D COMPILE_26 -D COMPILE_27 -D COMPILE_28 -D COMPILE_29 -D COMPILE_30 -D COMPILE_31 -D COMPILE_32 -D COMPILE_33 -D COMPILE_34 -D COMPILE_35 -D COMPILE_36 -D COMPILE_37 -D COMPILE_38 -D COMPILE_39 -D COMPILE_40 -D COMPILE_41 -D COMPILE_42 -D COMPILE_43 -D COMPILE_44 -D COMPILE_45 -D COMPILE_46 -D COMPILE_47 -D COMPILE_48 -D COMPILE_49 -D COMPILE_50 -D COMPILE_51 -D COMPILE_52 -D COMPILE_53 -D COMPILE_54 -D COMPILE_55 -D COMPILE_56 -D COMPILE_57 -D COMPILE_58 -D COMPILE_59 -D COMPILE_60 -D COMPILE_61 -D COMPILE_62 -D COMPILE_63 -D COMPILE_64 -D COMPILE_65 -D COMPILE_66 -D COMPILE_67 -D COMPILE_68 -D COMPILE_69 -D COMPILE_70 -D COMPILE_71 -D COMPILE_72 -D COMPILE_73 -D COMPILE_74 -D COMPILE_75 -D COMPILE_76 -D COMPILE_77 -D COMPILE_78 -D COMPILE_79 -D COMPILE_80 -D COMPILE_81 -D COMPILE_82 -D COMPILE_83 -D COMPILE_84 -D COMPILE_85 -D COMPILE_86 -D COMPILE_87 -D COMPILE_88 -D COMPILE_89 -D COMPILE_90 -D COMPILE_91 -D COMPILE_92 -D COMPILE_93 -D COMPILE_94 -D COMPILE_95 -D COMPILE_96 -D COMPILE_97 -D COMPILE_98 -D COMPILE_99 -D COMPILE_100 -D COMPILE_101 -D COMPILE_102 -D COMPILE_103 -D COMPILE_104 -D COMPILE_105 -D COMPILE_106 -D COMPILE_107 -D COMPILE_108 -D COMPILE_109 -D COMPILE_110 -D COMPILE_111 -D COMPILE_112 -D COMPILE_113 -D COMPILE_114 -D COMPILE_115 -D COMPILE_116 -D COMPILE_117 -D COMPILE_118 -D COMPILE_119 -D COMPILE_120 -D COMPILE_121 -D COMPILE_122 -D COMPILE_123 -D COMPILE_124 -D COMPILE_125 -D COMPILE_126 -D COMPILE_127 -D COMPILE_128 -D COMPILE_129 -D COMPILE_130 -D COMPILE_131 -D COMPILE_132 -D COMPILE_133 -D COMPILE_134 -D COMPILE_135 -D COMPILE_136 -D COMPILE_137 -D COMPILE_138 -D COMPILE_139 -D COMPILE_140 -D COMPILE_141 -D COMPILE_142 -D COMPILE_143 -D COMPILE_144 -D COMPILE_145 -D COMPILE_146 -D COMPILE_147 -D COMPILE_148 -D COMPILE_149 -D COMPILE_150 -D COMPILE_151 -D COMPILE_152 -D COMPILE_153 -D COMPILE_154 -D COMPILE_155 -D COMPILE_156 -D COMPILE_157 -D COMPILE_158 -D COMPILE_159 -D COMPILE_160 -D COMPILE_161 -D COMPILE_162 -D COMPILE_163 -D COMPILE_164 -D COMPILE_165 -D COMPILE_166 -D COMPILE_167 -D COMPILE_168 -D COMPILE_169 -D COMPILE_170 -D COMPILE_171 -D COMPILE_172 -D COMPILE_173 -D COMPILE_174 -D COMPILE_175 -D COMPILE_176 -D COMPILE_177 -D COMPILE_178 -D COMPILE_179 -D COMPILE_180 -D COMPILE_181 -D COMPILE_182 -D COMPILE_183 -D COMPILE_184 -D COMPILE_185 -D COMPILE_186 -D COMPILE_187 -D COMPILE_188 -D COMPILE_189 -D COMPILE_190 -D COMPILE_191 -D COMPILE_192 -D COMPILE_193 -D COMPILE_194 -D COMPILE_195 -D COMPILE_196 -D COMPILE_197 -D COMPILE_198 -D COMPILE_199 -D COMPILE_200 -D COMPILE_201 -D COMPILE_202 -D COMPILE_203 -D COMPILE_204 -D COMPILE_205 -D COMPILE_206 -D COMPILE_207 -D COMPILE_208 -D COMPILE_209 -D COMPILE_210 -D COMPILE_211 -D COMPILE_212 -D COMPILE_213 -D COMPILE_214 -D COMPILE_215 -D COMPILE_216 -D COMPILE_217 -D COMPILE_218 -D COMPILE_219 -D COMPILE_220 -D COMPILE_221 -D COMPILE_222 -D COMPILE_223 -D COMPILE_224 -D COMPILE_225 -D COMPILE_226 -D COMPILE_227 -D COMPILE_228  -o prog
wrap/tclang
