Initialize the program!
Verify Test Cases
All passed!
Done Verification
Generating repair candidates!
Processing test.c
Total 118 different repair schemas!!!!
Total 218 different repair candidate templates for scoring!!!
Total 122 different partial repair candidate templates!!
BasicTester pointer: 0x55ffc322de00
StringConstTester pointer: 0x55ffc31c42c0
CondTester pointer: 0x55ffc32afbe0
Generating Candidates...
Candidates size: 118
Generating Codes...
[3] Preprocess the following candidate with BasicTester:
118
Generating patches...
[3] BasicTester, a patch instance with id 0:
Begin building test
Total macros: 96
Saving this fix to: __fixed_test.c
Building with no macros...
Trying to build with all macros...
Build failed, Trying to find fail macros...
Testing with Delta-Debugging...
Building final program...
Total success macros: 95
Success to build final program: __fixed_test.c
The total number of explored concrete patches: 0
Repair process ends without working fix!!
Total 118 different repair schemas!!!!
Total 218 different repair candidate templates for scoring!!!
Total number of compiles: 1
Total number of test eval: 0
